Using pre-set license
Built from '6000.0/staging' branch; Version is '6000.0.34f1 (5ab2d9ed9190) revision 5944025'; Using compiler version '193933523'; Build Type 'Release'
OS: 'Windows 11  (10.0.22621) 64bit CoreCountrySpecific' Language: 'zh' Physical Memory: 16107 MB
BatchMode: 1, IsHumanControllingUs: 0, StartBugReporterOnCrash: 0, Is64bit: 1, IsPro: 1

COMMAND LINE ARGUMENTS:
C:\Program Files\Unity\Hub\Editor\6000.0.34f1\Editor\Unity.exe
-adb2
-batchMode
-noUpm
-name
AssetImportWorker1
-projectPath
D:/UnityProjects/GameAudio101
-logFile
Logs/AssetImportWorker1.log
-srvPort
4990
-job-worker-count
7
-background-job-worker-count
8
-gc-helper-count
1
Successfully changed project path to: D:/UnityProjects/GameAudio101
D:/UnityProjects/GameAudio101
[UnityMemory] Configuration Parameters - Can be set up in boot.config
    "memorysetup-bucket-allocator-granularity=16"
    "memorysetup-bucket-allocator-bucket-count=8"
    "memorysetup-bucket-allocator-block-size=33554432"
    "memorysetup-bucket-allocator-block-count=8"
    "memorysetup-main-allocator-block-size=16777216"
    "memorysetup-thread-allocator-block-size=16777216"
    "memorysetup-gfx-main-allocator-block-size=16777216"
    "memorysetup-gfx-thread-allocator-block-size=16777216"
    "memorysetup-cache-allocator-block-size=4194304"
    "memorysetup-typetree-allocator-block-size=2097152"
    "memorysetup-profiler-bucket-allocator-granularity=16"
    "memorysetup-profiler-bucket-allocator-bucket-count=8"
    "memorysetup-profiler-bucket-allocator-block-size=33554432"
    "memorysetup-profiler-bucket-allocator-block-count=8"
    "memorysetup-profiler-allocator-block-size=16777216"
    "memorysetup-profiler-editor-allocator-block-size=1048576"
    "memorysetup-temp-allocator-size-main=16777216"
    "memorysetup-job-temp-allocator-block-size=2097152"
    "memorysetup-job-temp-allocator-block-size-background=1048576"
    "memorysetup-job-temp-allocator-reduction-small-platforms=262144"
    "memorysetup-allocator-temp-initial-block-size-main=262144"
    "memorysetup-allocator-temp-initial-block-size-worker=262144"
    "memorysetup-temp-allocator-size-background-worker=32768"
    "memorysetup-temp-allocator-size-job-worker=262144"
    "memorysetup-temp-allocator-size-preload-manager=33554432"
    "memorysetup-temp-allocator-size-nav-mesh-worker=65536"
    "memorysetup-temp-allocator-size-audio-worker=65536"
    "memorysetup-temp-allocator-size-cloud-worker=32768"
    "memorysetup-temp-allocator-size-gi-baking-worker=262144"
    "memorysetup-temp-allocator-size-gi-baking-worker=262144"
    "memorysetup-temp-allocator-size-gi-baking-worker=262144"
    "memorysetup-temp-allocator-size-gi-baking-worker=262144"
    "memorysetup-temp-allocator-size-gi-baking-worker=262144"
    "memorysetup-temp-allocator-size-gfx=262144"
Player connection [18940]  Target information:

Player connection [18940]  * "[IP] 192.168.213.6 [Port] 0 [Flags] 2 [Guid] 4216849293 [EditorId] 4216849293 [Version] 1048832 [Id] WindowsEditor(7,Cubicheng) [Debug] 1 [PackageName] WindowsEditor [ProjectName] Editor" 

Player connection [18940] Host joined multi-casting on [225.0.0.222:54997]...
Player connection [18940] Host joined alternative multi-casting on [225.0.0.222:34997]...
JobSystem: Creating JobQueue using job-worker-count value 7
Input System module state changed to: Initialized.
[Physics::Module] Initialized fallback backend.
[Physics::Module] Id: 0xdecafbad
Library Redirect Path: Library/
[Physics::Module] Selected backend.
[Physics::Module] Name: PhysX
[Physics::Module] Id: 0xf2b8ea05
[Physics::Module] SDK Version: 4.1.2
[Physics::Module] Integration Version: 1.0.0
[Physics::Module] Threading Mode: Multi-Threaded
Refreshing native plugins compatible for Editor in 14.06 ms, found 5 plugins.
Preloading 0 native plugins for Editor in 0.00 ms.
Initialize engine version: 6000.0.34f1 (5ab2d9ed9190)
[Subsystems] Discovering subsystems at path C:/Program Files/Unity/Hub/Editor/6000.0.34f1/Editor/Data/Resources/UnitySubsystems
[Subsystems] Discovering subsystems at path D:/UnityProjects/GameAudio101/Assets
GfxDevice: creating device client; kGfxThreadingModeNonThreaded
Direct3D:
    Version:  Direct3D 11.0 [level 11.1]
    Renderer: NVIDIA GeForce RTX 3050 4GB Laptop GPU (ID=0x25ab)
    Vendor:   NVIDIA
    VRAM:     3978 MB
    Driver:   31.0.15.2783
Initialize mono
Mono path[0] = 'C:/Program Files/Unity/Hub/Editor/6000.0.34f1/Editor/Data/Managed'
Mono path[1] = 'C:/Program Files/Unity/Hub/Editor/6000.0.34f1/Editor/Data/MonoBleedingEdge/lib/mono/unityjit-win32'
Mono config path = 'C:/Program Files/Unity/Hub/Editor/6000.0.34f1/Editor/Data/MonoBleedingEdge/etc'
Using monoOptions --debugger-agent=transport=dt_socket,embedding=1,server=y,suspend=n,address=127.0.0.1:56040
Begin MonoManager ReloadAssembly
Registering precompiled unity dll's ...
Register platform support module: C:/Program Files/Unity/Hub/Editor/6000.0.34f1/Editor/Data/PlaybackEngines/WindowsStandaloneSupport/UnityEditor.WindowsStandalone.Extensions.dll
Registered in 0.004271 seconds.
- Loaded All Assemblies, in  0.425 seconds
Native extension for WindowsStandalone target not found
Mono: successfully reloaded assembly
- Finished resetting the current domain, in  0.378 seconds
Domain Reload Profiling: 800ms
	BeginReloadAssembly (156ms)
		ExecutionOrderSort (0ms)
		DisableScriptedObjects (0ms)
		BackupInstance (0ms)
		ReleaseScriptingObjects (0ms)
		CreateAndSetChildDomain (1ms)
	RebuildCommonClasses (38ms)
	RebuildNativeTypeToScriptingClass (9ms)
	initialDomainReloadingComplete (54ms)
	LoadAllAssembliesAndSetupDomain (165ms)
		LoadAssemblies (153ms)
		RebuildTransferFunctionScriptingTraits (0ms)
		AnalyzeDomain (162ms)
			TypeCache.Refresh (161ms)
				TypeCache.ScanAssembly (144ms)
			BuildScriptInfoCaches (0ms)
			ResolveRequiredComponents (1ms)
	FinalizeReload (378ms)
		ReleaseScriptCaches (0ms)
		RebuildScriptCaches (0ms)
		SetupLoadedEditorAssemblies (326ms)
			LogAssemblyErrors (0ms)
			InitializePlatformSupportModulesInManaged (25ms)
			SetLoadedEditorAssemblies (4ms)
			BeforeProcessingInitializeOnLoad (55ms)
			ProcessInitializeOnLoadAttributes (171ms)
			ProcessInitializeOnLoadMethodAttributes (71ms)
			AfterProcessingInitializeOnLoad (0ms)
			EditorAssembliesLoaded (0ms)
		ExecutionOrderSort2 (0ms)
		AwakeInstancesAfterBackupRestoration (0ms)
========================================================================
Worker process is ready to serve import requests
Import Worker Mode flag is 0x00
Begin MonoManager ReloadAssembly
- Loaded All Assemblies, in  1.144 seconds
Refreshing native plugins compatible for Editor in 10.07 ms, found 5 plugins.
Native extension for WindowsStandalone target not found
Refreshing native plugins compatible for Editor in 10.34 ms, found 5 plugins.
The project currently uses the compatibility mode where the Render Graph API is disabled. Support for this mode will be removed in future Unity versions. Migrate existing ScriptableRenderPasses to the new RenderGraph API. After the migration, disable the compatibility mode in Edit > Projects Settings > Graphics > Render Graph.
UnityEngine.Debug:ExtractStackTraceNoAlloc (byte*,int,string)
UnityEngine.StackTraceUtility:ExtractStackTrace ()
UnityEngine.DebugLogHandler:Internal_Log (UnityEngine.LogType,UnityEngine.LogOption,string,UnityEngine.Object)
UnityEngine.DebugLogHandler:LogFormat (UnityEngine.LogType,UnityEngine.Object,string,object[])
UnityEngine.Logger:Log (UnityEngine.LogType,object)
UnityEngine.Debug:LogWarning (object)
UnityEngine.Rendering.Universal.WarnUsingNonRenderGraph:EmitConsoleWarning () (at ./Library/PackageCache/com.unity.render-pipelines.universal/Runtime/Data/UniversalRenderPipelineAsset.cs:427)
System.Reflection.RuntimeMethodInfo:Invoke (object,System.Reflection.BindingFlags,System.Reflection.Binder,object[],System.Globalization.CultureInfo)
System.Reflection.MethodBase:Invoke (object,object[])
UnityEditor.EditorAssemblies:ProcessInitializeOnLoadMethodAttributes ()

(Filename: ./Library/PackageCache/com.unity.render-pipelines.universal/Runtime/Data/UniversalRenderPipelineAsset.cs Line: 427)

Mono: successfully reloaded assembly
- Finished resetting the current domain, in  1.074 seconds
Domain Reload Profiling: 2209ms
	BeginReloadAssembly (186ms)
		ExecutionOrderSort (0ms)
		DisableScriptedObjects (4ms)
		BackupInstance (0ms)
		ReleaseScriptingObjects (0ms)
		CreateAndSetChildDomain (26ms)
	RebuildCommonClasses (42ms)
	RebuildNativeTypeToScriptingClass (15ms)
	initialDomainReloadingComplete (38ms)
	LoadAllAssembliesAndSetupDomain (855ms)
		LoadAssemblies (624ms)
		RebuildTransferFunctionScriptingTraits (0ms)
		AnalyzeDomain (362ms)
			TypeCache.Refresh (260ms)
				TypeCache.ScanAssembly (237ms)
			BuildScriptInfoCaches (84ms)
			ResolveRequiredComponents (15ms)
	FinalizeReload (1074ms)
		ReleaseScriptCaches (0ms)
		RebuildScriptCaches (0ms)
		SetupLoadedEditorAssemblies (910ms)
			LogAssemblyErrors (0ms)
			InitializePlatformSupportModulesInManaged (2ms)
			SetLoadedEditorAssemblies (7ms)
			BeforeProcessingInitializeOnLoad (172ms)
			ProcessInitializeOnLoadAttributes (628ms)
			ProcessInitializeOnLoadMethodAttributes (94ms)
			AfterProcessingInitializeOnLoad (5ms)
			EditorAssembliesLoaded (0ms)
		ExecutionOrderSort2 (0ms)
		AwakeInstancesAfterBackupRestoration (4ms)
Launched and connected shader compiler UnityShaderCompiler.exe after 0.01 seconds
Refreshing native plugins compatible for Editor in 17.14 ms, found 5 plugins.
Preloading 0 native plugins for Editor in 0.00 ms.
Unloading 207 Unused Serialized files (Serialized files now loaded: 0)
Unloading 6605 unused Assets / (3.9 MB). Loaded Objects now: 7235.
Memory consumption went from 167.3 MB to 163.5 MB.
Total: 11.153000 ms (FindLiveObjects: 0.659600 ms CreateObjectMapping: 0.726100 ms MarkObjects: 6.977200 ms  DeleteObjects: 2.788200 ms)

========================================================================
Received Import Request.
  Time since last request: 6278.642730 seconds.
  path: Assets/WwiseSettings.xml
  artifactKey: Guid(2d262ea7af367e746acbb730defe6852) Importer(2089858483,192608db42251d675da83286b1cce702)
Start importing Assets/WwiseSettings.xml using Guid(2d262ea7af367e746acbb730defe6852) Importer(2089858483,192608db42251d675da83286b1cce702) (ScriptedImporter) -> (artifact id: '09cecfa1c0eb869af6b5b76015e04c0e') in 0.216893 seconds
Number of updated asset objects reloaded before import = 0Number of asset objects unloaded after import = 1

========================================================================
Received Import Request.
  Time since last request: 0.000028 seconds.
  path: Assets/TextMesh Pro/Shaders/TMP_SDF SSD.shader
  artifactKey: Guid(14eb328de4b8eb245bb7cea29e4ac00b) Importer(2089858483,192608db42251d675da83286b1cce702)
Start importing Assets/TextMesh Pro/Shaders/TMP_SDF SSD.shader using Guid(14eb328de4b8eb245bb7cea29e4ac00b) Importer(2089858483,192608db42251d675da83286b1cce702) (ScriptedImporter) -> (artifact id: 'd0fe1c88ee716fded2802c4c1d72ac9a') in 0.0517065 seconds
Number of updated asset objects reloaded before import = 0Number of asset objects unloaded after import = 1

========================================================================
Received Import Request.
  Time since last request: 0.000036 seconds.
  path: Assets/TextMesh Pro/Shaders/TMP_SDF-Mobile SSD.shader
  artifactKey: Guid(c8d12adcee749c344b8117cf7c7eb912) Importer(2089858483,192608db42251d675da83286b1cce702)
Start importing Assets/TextMesh Pro/Shaders/TMP_SDF-Mobile SSD.shader using Guid(c8d12adcee749c344b8117cf7c7eb912) Importer(2089858483,192608db42251d675da83286b1cce702) (ScriptedImporter) -> (artifact id: 'e18fa153c5bb1d4318b5c715836fe958') in 0.0184999 seconds
Number of updated asset objects reloaded before import = 0Number of asset objects unloaded after import = 1

========================================================================
Received Import Request.
  Time since last request: 0.000023 seconds.
  path: Assets/Wwise/Gizmos/WwiseAudioSpeaker.png
  artifactKey: Guid(1ed9939c8851f1544a95ef82faa9992f) Importer(2089858483,192608db42251d675da83286b1cce702)
Start importing Assets/Wwise/Gizmos/WwiseAudioSpeaker.png using Guid(1ed9939c8851f1544a95ef82faa9992f) Importer(2089858483,192608db42251d675da83286b1cce702) (ScriptedImporter) -> (artifact id: '0a96ebb1d7c9c066ff078cbe2d7d19d8') in 0.0728683 seconds
Number of updated asset objects reloaded before import = 0Number of asset objects unloaded after import = 1

========================================================================
Received Import Request.
  Time since last request: 0.000026 seconds.
  path: Assets/StarterAssets/Environment/Prefabs/Tunnel_Prefab.prefab
  artifactKey: Guid(e5d7b87d422ee0f478ee09eb32e24f4e) Importer(2089858483,192608db42251d675da83286b1cce702)
Start importing Assets/StarterAssets/Environment/Prefabs/Tunnel_Prefab.prefab using Guid(e5d7b87d422ee0f478ee09eb32e24f4e) Importer(2089858483,192608db42251d675da83286b1cce702) (ScriptedImporter) -> (artifact id: '171cfef4fcc91f3f6943425a48ad936c') in 0.0992356 seconds
Number of updated asset objects reloaded before import = 0Number of asset objects unloaded after import = 11

========================================================================
Received Import Request.
  Time since last request: 0.000025 seconds.
  path: Assets/Wwise/ScriptableObjects/AkWwiseInitializationSettings.asset
  artifactKey: Guid(fc247f00a7fb7ed4c91f1c76ae3ab814) Importer(2089858483,192608db42251d675da83286b1cce702)
Start importing Assets/Wwise/ScriptableObjects/AkWwiseInitializationSettings.asset using Guid(fc247f00a7fb7ed4c91f1c76ae3ab814) Importer(2089858483,192608db42251d675da83286b1cce702) (ScriptedImporter) -> (artifact id: '5061090891d780c150555c379a645100') in 0.0281923 seconds
Number of updated asset objects reloaded before import = 0Number of asset objects unloaded after import = 3

========================================================================
Received Import Request.
  Time since last request: 0.000029 seconds.
  path: Assets/TextMesh Pro/Shaders/TMP_SDF-URP Lit.shadergraph
  artifactKey: Guid(a3d800b099a06e0478fb790c5e79057a) Importer(2089858483,192608db42251d675da83286b1cce702)
Start importing Assets/TextMesh Pro/Shaders/TMP_SDF-URP Lit.shadergraph using Guid(a3d800b099a06e0478fb790c5e79057a) Importer(2089858483,192608db42251d675da83286b1cce702) (ScriptedImporter) -> (artifact id: 'a6e7cf0b2d45aa8a7ef5bbf06e972326') in 0.0398499 seconds
Number of updated asset objects reloaded before import = 0Number of asset objects unloaded after import = 4

========================================================================
Received Import Request.
  Time since last request: 0.000018 seconds.
  path: Assets/StarterAssets/Settings/Very Low_PipelineAsset_ForwardRenderer.asset
  artifactKey: Guid(68e7634ac637d4fa3b93ca66af33aa8a) Importer(2089858483,192608db42251d675da83286b1cce702)
Start importing Assets/StarterAssets/Settings/Very Low_PipelineAsset_ForwardRenderer.asset using Guid(68e7634ac637d4fa3b93ca66af33aa8a) Importer(2089858483,192608db42251d675da83286b1cce702) (ScriptedImporter) -> (artifact id: '80c08d2b9f19bb7092e66cbcc9abecaf') in 0.0587893 seconds
Number of updated asset objects reloaded before import = 0Number of asset objects unloaded after import = 1

========================================================================
Received Import Request.
  Time since last request: 0.000020 seconds.
  path: Assets/StarterAssets/Environment/Prefabs/Stairs_650_400_300_Prefab.prefab
  artifactKey: Guid(50a0925b0c22af146a2d15615f815a1c) Importer(2089858483,192608db42251d675da83286b1cce702)
Start importing Assets/StarterAssets/Environment/Prefabs/Stairs_650_400_300_Prefab.prefab using Guid(50a0925b0c22af146a2d15615f815a1c) Importer(2089858483,192608db42251d675da83286b1cce702) (ScriptedImporter) -> (artifact id: '9a622fb788930a924c90fa411e4d437b') in 0.0289129 seconds
Number of updated asset objects reloaded before import = 0Number of asset objects unloaded after import = 14

========================================================================
Received Import Request.
  Time since last request: 0.000024 seconds.
  path: Assets/StarterAssets/Environment/Prefabs/Environment_Prefab.prefab
  artifactKey: Guid(09aade0ecefd01e4b8f7661acf64f5c2) Importer(2089858483,192608db42251d675da83286b1cce702)
Start importing Assets/StarterAssets/Environment/Prefabs/Environment_Prefab.prefab using Guid(09aade0ecefd01e4b8f7661acf64f5c2) Importer(2089858483,192608db42251d675da83286b1cce702) (ScriptedImporter) -> (artifact id: 'e9f3e7b237958b940fa08c962596f0da') in 0.0254832 seconds
Number of updated asset objects reloaded before import = 0Number of asset objects unloaded after import = 315

========================================================================
Received Import Request.
  Time since last request: 0.000036 seconds.
  path: Assets/TextMesh Pro/Sprites/EmojiOne.json
  artifactKey: Guid(8f05276190cf498a8153f6cbe761d4e6) Importer(2089858483,192608db42251d675da83286b1cce702)
Start importing Assets/TextMesh Pro/Sprites/EmojiOne.json using Guid(8f05276190cf498a8153f6cbe761d4e6) Importer(2089858483,192608db42251d675da83286b1cce702) (ScriptedImporter) -> (artifact id: '2f08705be4c65e1782f4970515e57c5b') in 0.01261 seconds
Number of updated asset objects reloaded before import = 0Number of asset objects unloaded after import = 1

========================================================================
Received Import Request.
  Time since last request: 0.000018 seconds.
  path: Assets/TextMesh Pro/Shaders/TMPro.cginc
  artifactKey: Guid(407bc68d299748449bbf7f48ee690f8d) Importer(2089858483,192608db42251d675da83286b1cce702)
Start importing Assets/TextMesh Pro/Shaders/TMPro.cginc using Guid(407bc68d299748449bbf7f48ee690f8d) Importer(2089858483,192608db42251d675da83286b1cce702) (ScriptedImporter) -> (artifact id: 'ca28c65a9fe5fbb391a973239c19071c') in 0.0139461 seconds
Number of updated asset objects reloaded before import = 0Number of asset objects unloaded after import = 1

========================================================================
Received Import Request.
  Time since last request: 0.000017 seconds.
  path: Assets/Wwise/Timeline/package.json
  artifactKey: Guid(5c9fea5f11cb56a4ea6202d100154513) Importer(2089858483,192608db42251d675da83286b1cce702)
Start importing Assets/Wwise/Timeline/package.json using Guid(5c9fea5f11cb56a4ea6202d100154513) Importer(2089858483,192608db42251d675da83286b1cce702) (ScriptedImporter) -> (artifact id: 'aa22689c3ad4083e34982c864900390e') in 0.0120636 seconds
Number of updated asset objects reloaded before import = 0Number of asset objects unloaded after import = 1

========================================================================
Received Import Request.
  Time since last request: 0.000020 seconds.
  path: Assets/TextMesh Pro/Sprites/EmojiOne.png
  artifactKey: Guid(dffef66376be4fa480fb02b19edbe903) Importer(2089858483,192608db42251d675da83286b1cce702)
Start importing Assets/TextMesh Pro/Sprites/EmojiOne.png using Guid(dffef66376be4fa480fb02b19edbe903) Importer(2089858483,192608db42251d675da83286b1cce702) (ScriptedImporter) -> (artifact id: 'aafe8f8c1143b7b65dd4cecfc0be2db1') in 0.0200632 seconds
Number of updated asset objects reloaded before import = 0Number of asset objects unloaded after import = 1

========================================================================
Received Import Request.
  Time since last request: 0.000016 seconds.
  path: Assets/StarterAssets/Mobile/UI/UI_Circle_Faded.png
  artifactKey: Guid(90ded0611e490aa4ba6961afbfc2280d) Importer(2089858483,192608db42251d675da83286b1cce702)
Start importing Assets/StarterAssets/Mobile/UI/UI_Circle_Faded.png using Guid(90ded0611e490aa4ba6961afbfc2280d) Importer(2089858483,192608db42251d675da83286b1cce702) (ScriptedImporter) -> (artifact id: '3b620ad287972bf92311cad231d8b059') in 0.0582188 seconds
Number of updated asset objects reloaded before import = 0Number of asset objects unloaded after import = 3

========================================================================
Received Import Request.
  Time since last request: 0.000019 seconds.
  path: Assets/StarterAssets/Settings/Very High_PipelineAsset_ForwardRenderer.asset
  artifactKey: Guid(4962dd039b8344ed295c4518245d6c7b) Importer(2089858483,192608db42251d675da83286b1cce702)
Start importing Assets/StarterAssets/Settings/Very High_PipelineAsset_ForwardRenderer.asset using Guid(4962dd039b8344ed295c4518245d6c7b) Importer(2089858483,192608db42251d675da83286b1cce702) (ScriptedImporter) -> (artifact id: '0908cbf7b7ff8de621c4a83183f5b53b') in 0.0190962 seconds
Number of updated asset objects reloaded before import = 0Number of asset objects unloaded after import = 1

========================================================================
Received Import Request.
  Time since last request: 0.000031 seconds.
  path: Assets/StarterAssets/InputSystem/StarterAssetsInputs.cs
  artifactKey: Guid(e087ecce43ebbff45a1b360637807d93) Importer(2089858483,192608db42251d675da83286b1cce702)
Start importing Assets/StarterAssets/InputSystem/StarterAssetsInputs.cs using Guid(e087ecce43ebbff45a1b360637807d93) Importer(2089858483,192608db42251d675da83286b1cce702) (ScriptedImporter) -> (artifact id: '23938e5141c5e2d11c58e16f0cae48b5') in 0.0134532 seconds
Number of updated asset objects reloaded before import = 0Number of asset objects unloaded after import = 0

========================================================================
Received Import Request.
  Time since last request: 0.000020 seconds.
  path: Assets/TextMesh Pro/Shaders/TMP_Sprite.shader
  artifactKey: Guid(cf81c85f95fe47e1a27f6ae460cf182c) Importer(2089858483,192608db42251d675da83286b1cce702)
Start importing Assets/TextMesh Pro/Shaders/TMP_Sprite.shader using Guid(cf81c85f95fe47e1a27f6ae460cf182c) Importer(2089858483,192608db42251d675da83286b1cce702) (ScriptedImporter) -> (artifact id: 'b8751bcdf46128c9ce7a09f75c6aa94d') in 0.0132516 seconds
Number of updated asset objects reloaded before import = 0Number of asset objects unloaded after import = 1

========================================================================
Received Import Request.
  Time since last request: 0.000019 seconds.
  path: Assets/Wwise/Timeline/LICENSE.md
  artifactKey: Guid(1ae82caaa976eec4e8dd465233c47474) Importer(2089858483,192608db42251d675da83286b1cce702)
Start importing Assets/Wwise/Timeline/LICENSE.md using Guid(1ae82caaa976eec4e8dd465233c47474) Importer(2089858483,192608db42251d675da83286b1cce702) (ScriptedImporter) -> (artifact id: '8f0bf9b5fb44c9c78fb1f8beaee803d6') in 0.0115409 seconds
Number of updated asset objects reloaded before import = 0Number of asset objects unloaded after import = 1

========================================================================
Received Import Request.
  Time since last request: 5.720692 seconds.
  path: Assets/StreamingAssets/Audio/GeneratedSoundBanks/ProjectInfo.json
  artifactKey: Guid(b9179dd53311b2c4fb43e2d0ed2784b5) Importer(2089858483,192608db42251d675da83286b1cce702)
Start importing Assets/StreamingAssets/Audio/GeneratedSoundBanks/ProjectInfo.json using Guid(b9179dd53311b2c4fb43e2d0ed2784b5) Importer(2089858483,192608db42251d675da83286b1cce702) (ScriptedImporter) -> (artifact id: '5c99d8cfde38dc58d1dded45d4db22d1') in 0.2030811 seconds
Number of updated asset objects reloaded before import = 0Number of asset objects unloaded after import = 1

========================================================================
Received Import Request.
  Time since last request: 0.000023 seconds.
  path: Assets/Wwise/ScriptableObjects/Event/CA643D22-3632-4BDD-A160-CE6FF0F71864.asset
  artifactKey: Guid(bf3ea16698daa4f4784a37c9a40d1904) Importer(2089858483,192608db42251d675da83286b1cce702)
Start importing Assets/Wwise/ScriptableObjects/Event/CA643D22-3632-4BDD-A160-CE6FF0F71864.asset using Guid(bf3ea16698daa4f4784a37c9a40d1904) Importer(2089858483,192608db42251d675da83286b1cce702) (ScriptedImporter) -> (artifact id: '8cee797fe2644c386106e0dca64e6453') in 0.0244744 seconds
Number of updated asset objects reloaded before import = 0Number of asset objects unloaded after import = 1

========================================================================
Received Import Request.
  Time since last request: 0.000029 seconds.
  path: Assets/Wwise/MonoBehaviour/Runtime/AkGameObjPositionOffsetData.cs
  artifactKey: Guid(dff141c46eb54594182c64de2cd009c4) Importer(2089858483,192608db42251d675da83286b1cce702)
Start importing Assets/Wwise/MonoBehaviour/Runtime/AkGameObjPositionOffsetData.cs using Guid(dff141c46eb54594182c64de2cd009c4) Importer(2089858483,192608db42251d675da83286b1cce702) (ScriptedImporter) -> (artifact id: 'c9c4f1a1740af0672ece57bb87277980') in 0.0152507 seconds
Number of updated asset objects reloaded before import = 0Number of asset objects unloaded after import = 0

========================================================================
Received Import Request.
  Time since last request: 0.000020 seconds.
  path: Assets/TextMesh Pro/Resources/Fonts & Materials/LiberationSans SDF - Fallback.asset
  artifactKey: Guid(2e498d1c8094910479dc3e1b768306a4) Importer(2089858483,192608db42251d675da83286b1cce702)
Start importing Assets/TextMesh Pro/Resources/Fonts & Materials/LiberationSans SDF - Fallback.asset using Guid(2e498d1c8094910479dc3e1b768306a4) Importer(2089858483,192608db42251d675da83286b1cce702) (ScriptedImporter) -> (artifact id: 'a2cfbf528a7c514238a6e95fb48acf49') in 0.0401799 seconds
Number of updated asset objects reloaded before import = 0Number of asset objects unloaded after import = 5

========================================================================
Received Import Request.
  Time since last request: 0.000018 seconds.
  path: Assets/Wwise/MonoBehaviour/Editor/AK.Wwise.Unity.MonoBehaviour.Editor.asmdef
  artifactKey: Guid(061ae856280bace40a0a66f987bb99e6) Importer(2089858483,192608db42251d675da83286b1cce702)
Start importing Assets/Wwise/MonoBehaviour/Editor/AK.Wwise.Unity.MonoBehaviour.Editor.asmdef using Guid(061ae856280bace40a0a66f987bb99e6) Importer(2089858483,192608db42251d675da83286b1cce702) (ScriptedImporter) -> (artifact id: '732e169e0c9060739a8e19d847548bfc') in 0.0201318 seconds
Number of updated asset objects reloaded before import = 0Number of asset objects unloaded after import = 1

========================================================================
Received Import Request.
  Time since last request: 0.000018 seconds.
  path: Assets/Wwise/MonoBehaviour/Runtime/AkEvent.cs
  artifactKey: Guid(e78b871639943ef449de7dcd891c0710) Importer(2089858483,192608db42251d675da83286b1cce702)
Start importing Assets/Wwise/MonoBehaviour/Runtime/AkEvent.cs using Guid(e78b871639943ef449de7dcd891c0710) Importer(2089858483,192608db42251d675da83286b1cce702) (ScriptedImporter) -> (artifact id: '48e30c936c4bf5a2b5e902abfadac316') in 0.0150019 seconds
Number of updated asset objects reloaded before import = 0Number of asset objects unloaded after import = 0

========================================================================
Received Import Request.
  Time since last request: 0.000039 seconds.
  path: Assets/Wwise/Timeline/Runtime/AkEventTrack.cs
  artifactKey: Guid(1ad46b37748b06a4d8d89a09ef1f1a83) Importer(2089858483,192608db42251d675da83286b1cce702)
Start importing Assets/Wwise/Timeline/Runtime/AkEventTrack.cs using Guid(1ad46b37748b06a4d8d89a09ef1f1a83) Importer(2089858483,192608db42251d675da83286b1cce702) (ScriptedImporter) -> (artifact id: '9d0fa6691a33806f561c8714c9a86c28') in 0.0173178 seconds
Number of updated asset objects reloaded before import = 0Number of asset objects unloaded after import = 0

========================================================================
Received Import Request.
  Time since last request: 0.000020 seconds.
  path: Assets/StarterAssets/Environment/Art/Models/Box_350x250x200_Mesh.fbx
  artifactKey: Guid(c6a55ba99e9e99d41b7eef123e311a43) Importer(2089858483,192608db42251d675da83286b1cce702)
Start importing Assets/StarterAssets/Environment/Art/Models/Box_350x250x200_Mesh.fbx using Guid(c6a55ba99e9e99d41b7eef123e311a43) Importer(2089858483,192608db42251d675da83286b1cce702) (ScriptedImporter) -> (artifact id: '9e880af827eeceac474082c7001081b5') in 0.049919 seconds
Number of updated asset objects reloaded before import = 0Number of asset objects unloaded after import = 8

========================================================================
Received Import Request.
  Time since last request: 0.000019 seconds.
  path: Assets/StarterAssets/Mobile/Prefabs/CanvasInputs/UI_Canvas_StarterAssetsInputs_Joysticks.prefab
  artifactKey: Guid(2f7f3dde7ae722a4aafffe20691ad702) Importer(2089858483,192608db42251d675da83286b1cce702)
Start importing Assets/StarterAssets/Mobile/Prefabs/CanvasInputs/UI_Canvas_StarterAssetsInputs_Joysticks.prefab using Guid(2f7f3dde7ae722a4aafffe20691ad702) Importer(2089858483,192608db42251d675da83286b1cce702) (ScriptedImporter) -> (artifact id: '2258d1e4ffed0c5d044dd4b339dfcb2e') in 0.0532882 seconds
Number of updated asset objects reloaded before import = 0Number of asset objects unloaded after import = 61

========================================================================
Received Import Request.
  Time since last request: 0.000027 seconds.
  path: Assets/Wwise/API/Editor/WwiseWindows/AkWwiseTreeView.cs
  artifactKey: Guid(cf18d9cbb033b19449430c024f9eed56) Importer(2089858483,192608db42251d675da83286b1cce702)
Start importing Assets/Wwise/API/Editor/WwiseWindows/AkWwiseTreeView.cs using Guid(cf18d9cbb033b19449430c024f9eed56) Importer(2089858483,192608db42251d675da83286b1cce702) (ScriptedImporter) -> (artifact id: '235bbe9d7d9a23c533d301c82ba7c01f') in 0.0145341 seconds
Number of updated asset objects reloaded before import = 0Number of asset objects unloaded after import = 0

========================================================================
Received Import Request.
  Time since last request: 0.000032 seconds.
  path: Assets/StarterAssets/Environment/Art/Models/Box_350x250x300_Mesh.fbx
  artifactKey: Guid(d2f0da3998423f44594868ffed55c3e6) Importer(2089858483,192608db42251d675da83286b1cce702)
Start importing Assets/StarterAssets/Environment/Art/Models/Box_350x250x300_Mesh.fbx using Guid(d2f0da3998423f44594868ffed55c3e6) Importer(2089858483,192608db42251d675da83286b1cce702) (ScriptedImporter) -> (artifact id: '89c3eeafc377ffd09977b7b8a05259c7') in 0.0236777 seconds
Number of updated asset objects reloaded before import = 0Number of asset objects unloaded after import = 8

========================================================================
Received Import Request.
  Time since last request: 0.000018 seconds.
  path: Assets/Wwise/MonoBehaviour/Editor/AkGameObjListenerListDrawer.cs
  artifactKey: Guid(64c563fed6d9d25409aa046e7a687eb7) Importer(2089858483,192608db42251d675da83286b1cce702)
Start importing Assets/Wwise/MonoBehaviour/Editor/AkGameObjListenerListDrawer.cs using Guid(64c563fed6d9d25409aa046e7a687eb7) Importer(2089858483,192608db42251d675da83286b1cce702) (ScriptedImporter) -> (artifact id: '45204b6f785cad92f46618dc23c6acce') in 0.0169309 seconds
Number of updated asset objects reloaded before import = 0Number of asset objects unloaded after import = 0

========================================================================
Received Import Request.
  Time since last request: 0.000021 seconds.
  path: Assets/StarterAssets/TutorialInfo/Scripts/Editor/ReadmeEditor.cs
  artifactKey: Guid(476cc7d7cd9874016adc216baab94a0a) Importer(2089858483,192608db42251d675da83286b1cce702)
Start importing Assets/StarterAssets/TutorialInfo/Scripts/Editor/ReadmeEditor.cs using Guid(476cc7d7cd9874016adc216baab94a0a) Importer(2089858483,192608db42251d675da83286b1cce702) (ScriptedImporter) -> (artifact id: 'a0b92a83b4d5b14c88d6a0c751bb3f3a') in 0.016695 seconds
Number of updated asset objects reloaded before import = 0Number of asset objects unloaded after import = 0

========================================================================
Received Import Request.
  Time since last request: 0.000024 seconds.
  path: Assets/Wwise/MonoBehaviour/Runtime/AkRoom.cs
  artifactKey: Guid(c202e276341427e4f946b6ebda5c445d) Importer(2089858483,192608db42251d675da83286b1cce702)
Start importing Assets/Wwise/MonoBehaviour/Runtime/AkRoom.cs using Guid(c202e276341427e4f946b6ebda5c445d) Importer(2089858483,192608db42251d675da83286b1cce702) (ScriptedImporter) -> (artifact id: 'd46dd828b551128864ac7d611abc10de') in 0.0159519 seconds
Number of updated asset objects reloaded before import = 0Number of asset objects unloaded after import = 0

========================================================================
Received Import Request.
  Time since last request: 0.000032 seconds.
  path: Assets/Wwise/API/Editor/WwiseMenu/Windows/AkWwiseMenu_Windows.cs
  artifactKey: Guid(9d609499d42d0a345bdf2eac5ffca5ba) Importer(2089858483,192608db42251d675da83286b1cce702)
Start importing Assets/Wwise/API/Editor/WwiseMenu/Windows/AkWwiseMenu_Windows.cs using Guid(9d609499d42d0a345bdf2eac5ffca5ba) Importer(2089858483,192608db42251d675da83286b1cce702) (ScriptedImporter) -> (artifact id: '2f15e99e2e8184a23fcf6cb1a46e1a5e') in 0.0154742 seconds
Number of updated asset objects reloaded before import = 0Number of asset objects unloaded after import = 0

========================================================================
Received Import Request.
  Time since last request: 0.000024 seconds.
  path: Assets/Wwise/API/Editor/WwiseMenu/Common/AkWwiseIdConverter.cs
  artifactKey: Guid(aff934a6222956e4b82e8a0a72ab37d8) Importer(2089858483,192608db42251d675da83286b1cce702)
Start importing Assets/Wwise/API/Editor/WwiseMenu/Common/AkWwiseIdConverter.cs using Guid(aff934a6222956e4b82e8a0a72ab37d8) Importer(2089858483,192608db42251d675da83286b1cce702) (ScriptedImporter) -> (artifact id: 'cc4b045be2a8255397f9fae1773b095f') in 0.0192856 seconds
Number of updated asset objects reloaded before import = 0Number of asset objects unloaded after import = 0

========================================================================
Received Import Request.
  Time since last request: 0.000019 seconds.
  path: Assets/StarterAssets/Mobile/Scripts/Utilities/MobileDisableAutoSwitchControls.cs
  artifactKey: Guid(901182334643ba1438a25accc6bd0c79) Importer(2089858483,192608db42251d675da83286b1cce702)
Start importing Assets/StarterAssets/Mobile/Scripts/Utilities/MobileDisableAutoSwitchControls.cs using Guid(901182334643ba1438a25accc6bd0c79) Importer(2089858483,192608db42251d675da83286b1cce702) (ScriptedImporter) -> (artifact id: '13891ec721a892293f88250d93d51d00') in 0.0110888 seconds
Number of updated asset objects reloaded before import = 0Number of asset objects unloaded after import = 0

========================================================================
Received Import Request.
  Time since last request: 0.265730 seconds.
  path: Assets/Wwise/API/Runtime/Generated/Common/Ak3DSpatializationMode.cs
  artifactKey: Guid(7ce08ccd6ed6bcc46b17b4aeb45f8362) Importer(2089858483,192608db42251d675da83286b1cce702)
Start importing Assets/Wwise/API/Runtime/Generated/Common/Ak3DSpatializationMode.cs using Guid(7ce08ccd6ed6bcc46b17b4aeb45f8362) Importer(2089858483,192608db42251d675da83286b1cce702) (ScriptedImporter) -> (artifact id: '87f900626c931ddd4c88aede810742cc') in 0.0136124 seconds
Number of updated asset objects reloaded before import = 0Number of asset objects unloaded after import = 0

========================================================================
Received Import Request.
  Time since last request: 0.000020 seconds.
  path: Assets/Wwise/API/Runtime/Generated/Common/AkAuxSendValue.cs
  artifactKey: Guid(4f3b0643e46900b42b1ae7e4f9d84f2f) Importer(2089858483,192608db42251d675da83286b1cce702)
Start importing Assets/Wwise/API/Runtime/Generated/Common/AkAuxSendValue.cs using Guid(4f3b0643e46900b42b1ae7e4f9d84f2f) Importer(2089858483,192608db42251d675da83286b1cce702) (ScriptedImporter) -> (artifact id: 'cfad91d0b7a671b35e0b284c09ece543') in 0.0143159 seconds
Number of updated asset objects reloaded before import = 0Number of asset objects unloaded after import = 0

========================================================================
Received Import Request.
  Time since last request: 0.000036 seconds.
  path: Assets/Wwise/API/Runtime/Generated/Common/AkCallbackCategory.cs
  artifactKey: Guid(b8bdb9b8e7adf2842b4cb2efb28693a9) Importer(2089858483,192608db42251d675da83286b1cce702)
Start importing Assets/Wwise/API/Runtime/Generated/Common/AkCallbackCategory.cs using Guid(b8bdb9b8e7adf2842b4cb2efb28693a9) Importer(2089858483,192608db42251d675da83286b1cce702) (ScriptedImporter) -> (artifact id: '8521c742b0e86dcd5aac07fce28d12d8') in 0.014295 seconds
Number of updated asset objects reloaded before import = 0Number of asset objects unloaded after import = 0

========================================================================
Received Import Request.
  Time since last request: 0.000020 seconds.
  path: Assets/Wwise/API/Runtime/Generated/Common/AkBankTypeEnum.cs
  artifactKey: Guid(245ee5713021a2542b1c5ec0d1ae05d7) Importer(2089858483,192608db42251d675da83286b1cce702)
Start importing Assets/Wwise/API/Runtime/Generated/Common/AkBankTypeEnum.cs using Guid(245ee5713021a2542b1c5ec0d1ae05d7) Importer(2089858483,192608db42251d675da83286b1cce702) (ScriptedImporter) -> (artifact id: '30b5d9f7535db0ba3828742d2ab59437') in 0.0138645 seconds
Number of updated asset objects reloaded before import = 0Number of asset objects unloaded after import = 0

========================================================================
Received Import Request.
  Time since last request: 0.270260 seconds.
  path: Assets/Wwise/API/Runtime/Generated/Common/AkConnectionType.cs
  artifactKey: Guid(431cf4f06a8dc464483f95396f5a5b77) Importer(2089858483,192608db42251d675da83286b1cce702)
Start importing Assets/Wwise/API/Runtime/Generated/Common/AkConnectionType.cs using Guid(431cf4f06a8dc464483f95396f5a5b77) Importer(2089858483,192608db42251d675da83286b1cce702) (ScriptedImporter) -> (artifact id: 'bd6344a3f4735844714fd3db7425a52a') in 0.0146012 seconds
Number of updated asset objects reloaded before import = 0Number of asset objects unloaded after import = 0

========================================================================
Received Import Request.
  Time since last request: 0.000024 seconds.
  path: Assets/Wwise/API/Runtime/Generated/Common/AkDynamicSequenceType.cs
  artifactKey: Guid(e14adc5c454803147ab91c5cfe032d3b) Importer(2089858483,192608db42251d675da83286b1cce702)
Start importing Assets/Wwise/API/Runtime/Generated/Common/AkDynamicSequenceType.cs using Guid(e14adc5c454803147ab91c5cfe032d3b) Importer(2089858483,192608db42251d675da83286b1cce702) (ScriptedImporter) -> (artifact id: '7d50493f1c3ae05a8add1caa6f2b7980') in 0.0162237 seconds
Number of updated asset objects reloaded before import = 0Number of asset objects unloaded after import = 0

========================================================================
Received Import Request.
  Time since last request: 0.000055 seconds.
  path: Assets/Wwise/API/Runtime/Generated/Common/AkGlobalCallbackLocation.cs
  artifactKey: Guid(f0175e5d5d3e98048942867c20e68931) Importer(2089858483,192608db42251d675da83286b1cce702)
Start importing Assets/Wwise/API/Runtime/Generated/Common/AkGlobalCallbackLocation.cs using Guid(f0175e5d5d3e98048942867c20e68931) Importer(2089858483,192608db42251d675da83286b1cce702) (ScriptedImporter) -> (artifact id: 'bf35c65a65c3d173638f912da1f4c82f') in 0.0157293 seconds
Number of updated asset objects reloaded before import = 0Number of asset objects unloaded after import = 0

========================================================================
Received Import Request.
  Time since last request: 0.000019 seconds.
  path: Assets/Wwise/API/Runtime/Generated/Common/AkDynamicSequenceSelectCallbackInfo.cs
  artifactKey: Guid(cf0c88e7e17cdb046a6749c7f0688f0f) Importer(2089858483,192608db42251d675da83286b1cce702)
Start importing Assets/Wwise/API/Runtime/Generated/Common/AkDynamicSequenceSelectCallbackInfo.cs using Guid(cf0c88e7e17cdb046a6749c7f0688f0f) Importer(2089858483,192608db42251d675da83286b1cce702) (ScriptedImporter) -> (artifact id: 'e0708bc8eca0b0de848f633ec1268ffd') in 0.0144133 seconds
Number of updated asset objects reloaded before import = 0Number of asset objects unloaded after import = 0

========================================================================
Received Import Request.
  Time since last request: 0.270087 seconds.
  path: Assets/Wwise/API/Runtime/Generated/Common/AkMeteringFlags.cs
  artifactKey: Guid(3cfc05f7428f91e4daf723c5e8f333f6) Importer(2089858483,192608db42251d675da83286b1cce702)
Start importing Assets/Wwise/API/Runtime/Generated/Common/AkMeteringFlags.cs using Guid(3cfc05f7428f91e4daf723c5e8f333f6) Importer(2089858483,192608db42251d675da83286b1cce702) (ScriptedImporter) -> (artifact id: '252364d9d7a02f1f99365ed929493557') in 0.0146071 seconds
Number of updated asset objects reloaded before import = 0Number of asset objects unloaded after import = 0

========================================================================
Received Import Request.
  Time since last request: 0.000029 seconds.
  path: Assets/Wwise/API/Runtime/Generated/Common/AkMIDIProgramChange.cs
  artifactKey: Guid(199196d1528581c40be65258f49f9365) Importer(2089858483,192608db42251d675da83286b1cce702)
Start importing Assets/Wwise/API/Runtime/Generated/Common/AkMIDIProgramChange.cs using Guid(199196d1528581c40be65258f49f9365) Importer(2089858483,192608db42251d675da83286b1cce702) (ScriptedImporter) -> (artifact id: 'c27765d513aedbfc0cbda5679a352bc1') in 0.0141458 seconds
Number of updated asset objects reloaded before import = 0Number of asset objects unloaded after import = 0

========================================================================
Received Import Request.
  Time since last request: 0.000023 seconds.
  path: Assets/Wwise/API/Runtime/Generated/Common/AkMultiPositionType.cs
  artifactKey: Guid(94e844fe938fdd849ae6e1eb9838ddc3) Importer(2089858483,192608db42251d675da83286b1cce702)
Start importing Assets/Wwise/API/Runtime/Generated/Common/AkMultiPositionType.cs using Guid(94e844fe938fdd849ae6e1eb9838ddc3) Importer(2089858483,192608db42251d675da83286b1cce702) (ScriptedImporter) -> (artifact id: '1453a7dd9e1bc899a13aa1f180b4d9a1') in 0.0139399 seconds
Number of updated asset objects reloaded before import = 0Number of asset objects unloaded after import = 0

========================================================================
Received Import Request.
  Time since last request: 0.000021 seconds.
  path: Assets/Wwise/API/Runtime/Generated/Common/AkMIDIPost.cs
  artifactKey: Guid(dd19a94dd8cbc5d40bc2307abdb30760) Importer(2089858483,192608db42251d675da83286b1cce702)
Start importing Assets/Wwise/API/Runtime/Generated/Common/AkMIDIPost.cs using Guid(dd19a94dd8cbc5d40bc2307abdb30760) Importer(2089858483,192608db42251d675da83286b1cce702) (ScriptedImporter) -> (artifact id: 'c507ff37d06d3ad0203e62c5c423d673') in 0.015536 seconds
Number of updated asset objects reloaded before import = 0Number of asset objects unloaded after import = 0

========================================================================
Received Import Request.
  Time since last request: 0.274687 seconds.
  path: Assets/Wwise/API/Runtime/Generated/Common/AkPlaylist.cs
  artifactKey: Guid(896ce10144386624285bb542207ef755) Importer(2089858483,192608db42251d675da83286b1cce702)
Start importing Assets/Wwise/API/Runtime/Generated/Common/AkPlaylist.cs using Guid(896ce10144386624285bb542207ef755) Importer(2089858483,192608db42251d675da83286b1cce702) (ScriptedImporter) -> (artifact id: 'e281265d905a00033ebd1cd69f014318') in 0.0138046 seconds
Number of updated asset objects reloaded before import = 0Number of asset objects unloaded after import = 0

========================================================================
Received Import Request.
  Time since last request: 0.000025 seconds.
  path: Assets/Wwise/API/Runtime/Generated/Common/AkSerializedCallbackHeader.cs
  artifactKey: Guid(30cb632896ee81e4f909e8cbf3fad422) Importer(2089858483,192608db42251d675da83286b1cce702)
Start importing Assets/Wwise/API/Runtime/Generated/Common/AkSerializedCallbackHeader.cs using Guid(30cb632896ee81e4f909e8cbf3fad422) Importer(2089858483,192608db42251d675da83286b1cce702) (ScriptedImporter) -> (artifact id: '34b1bbe56f7d19af2670f1c7beff95e9') in 0.0148595 seconds
Number of updated asset objects reloaded before import = 0Number of asset objects unloaded after import = 0

========================================================================
Received Import Request.
  Time since last request: 0.000039 seconds.
  path: Assets/Wwise/API/Runtime/Generated/Common/AkReflectionPathInfo.cs
  artifactKey: Guid(83e7e0dfc6a48554fbf633ad22d14c6c) Importer(2089858483,192608db42251d675da83286b1cce702)
Start importing Assets/Wwise/API/Runtime/Generated/Common/AkReflectionPathInfo.cs using Guid(83e7e0dfc6a48554fbf633ad22d14c6c) Importer(2089858483,192608db42251d675da83286b1cce702) (ScriptedImporter) -> (artifact id: '526b04c151132e9346592dd99c28e5b9') in 0.0153427 seconds
Number of updated asset objects reloaded before import = 0Number of asset objects unloaded after import = 0

========================================================================
Received Import Request.
  Time since last request: 0.000027 seconds.
  path: Assets/Wwise/API/Runtime/Generated/Common/AkSpeakerPanningType.cs
  artifactKey: Guid(6fa5683f822d7b8478546486bb63db41) Importer(2089858483,192608db42251d675da83286b1cce702)
Start importing Assets/Wwise/API/Runtime/Generated/Common/AkSpeakerPanningType.cs using Guid(6fa5683f822d7b8478546486bb63db41) Importer(2089858483,192608db42251d675da83286b1cce702) (ScriptedImporter) -> (artifact id: 'fe0f505af08b5cd12a385c133eea4e19') in 0.0152075 seconds
Number of updated asset objects reloaded before import = 0Number of asset objects unloaded after import = 0

========================================================================
Received Import Request.
  Time since last request: 1.055136 seconds.
  path: Assets/Wwise/API/Runtime/Generated/Common/AkTriangle.cs
  artifactKey: Guid(42de852e12056604589385bd3bb5c3d3) Importer(2089858483,192608db42251d675da83286b1cce702)
Start importing Assets/Wwise/API/Runtime/Generated/Common/AkTriangle.cs using Guid(42de852e12056604589385bd3bb5c3d3) Importer(2089858483,192608db42251d675da83286b1cce702) (ScriptedImporter) -> (artifact id: '4cd9af780f940b426b9264023e557aa0') in 0.0158238 seconds
Number of updated asset objects reloaded before import = 0Number of asset objects unloaded after import = 0

========================================================================
Received Import Request.
  Time since last request: 0.000022 seconds.
  path: Assets/Wwise/API/Runtime/Generated/Mac/AkThreadProperties_Mac.cs
  artifactKey: Guid(8f93dfa48a3834e43964b57d088b1178) Importer(2089858483,192608db42251d675da83286b1cce702)
Start importing Assets/Wwise/API/Runtime/Generated/Mac/AkThreadProperties_Mac.cs using Guid(8f93dfa48a3834e43964b57d088b1178) Importer(2089858483,192608db42251d675da83286b1cce702) (ScriptedImporter) -> (artifact id: '75a6602c59577d0a11d8ca6bb6b282ce') in 0.0143094 seconds
Number of updated asset objects reloaded before import = 0Number of asset objects unloaded after import = 0

========================================================================
Received Import Request.
  Time since last request: 0.000031 seconds.
  path: Assets/Wwise/API/Runtime/Generated/Mac/AkAudioAPI_Mac.cs
  artifactKey: Guid(577d8963ba33d6e459d853be25ae74e7) Importer(2089858483,192608db42251d675da83286b1cce702)
Start importing Assets/Wwise/API/Runtime/Generated/Mac/AkAudioAPI_Mac.cs using Guid(577d8963ba33d6e459d853be25ae74e7) Importer(2089858483,192608db42251d675da83286b1cce702) (ScriptedImporter) -> (artifact id: '78621c6d4b9fa3b6af93ec0782481e46') in 0.0138849 seconds
Number of updated asset objects reloaded before import = 0Number of asset objects unloaded after import = 0

========================================================================
Received Import Request.
  Time since last request: 0.000016 seconds.
  path: Assets/Wwise/API/Runtime/Generated/Mac/AkCommunicationSettings_Mac.cs
  artifactKey: Guid(4ba568bd50b0d534d9d92e9129db1d00) Importer(2089858483,192608db42251d675da83286b1cce702)
Start importing Assets/Wwise/API/Runtime/Generated/Mac/AkCommunicationSettings_Mac.cs using Guid(4ba568bd50b0d534d9d92e9129db1d00) Importer(2089858483,192608db42251d675da83286b1cce702) (ScriptedImporter) -> (artifact id: 'afb5addb85a04cc637f5cd5828a73edb') in 0.0142553 seconds
Number of updated asset objects reloaded before import = 0Number of asset objects unloaded after import = 0

========================================================================
Received Import Request.
  Time since last request: 0.255634 seconds.
  path: Assets/Wwise/API/Runtime/Handwritten/Common/AkUnitySoundEngine.cs
  artifactKey: Guid(3dcedd022bd84d94196cca92628e8374) Importer(2089858483,192608db42251d675da83286b1cce702)
Start importing Assets/Wwise/API/Runtime/Handwritten/Common/AkUnitySoundEngine.cs using Guid(3dcedd022bd84d94196cca92628e8374) Importer(2089858483,192608db42251d675da83286b1cce702) (ScriptedImporter) -> (artifact id: '318111701484993d3cb0aa19d1f520bc') in 0.0163037 seconds
Number of updated asset objects reloaded before import = 0Number of asset objects unloaded after import = 0

========================================================================
Received Import Request.
  Time since last request: 0.000024 seconds.
  path: Assets/Wwise/API/Runtime/Handwritten/Common/AkVertex.cs
  artifactKey: Guid(28b0c1686040200479edfc73789227b4) Importer(2089858483,192608db42251d675da83286b1cce702)
Start importing Assets/Wwise/API/Runtime/Handwritten/Common/AkVertex.cs using Guid(28b0c1686040200479edfc73789227b4) Importer(2089858483,192608db42251d675da83286b1cce702) (ScriptedImporter) -> (artifact id: 'a8a2c9403c49cec53d46efe092f8ca79') in 0.0159159 seconds
Number of updated asset objects reloaded before import = 0Number of asset objects unloaded after import = 0

========================================================================
Received Import Request.
  Time since last request: 0.000035 seconds.
  path: Assets/Wwise/API/Runtime/Handwritten/Common/AkVector64.cs
  artifactKey: Guid(e1f37014e21b5d0499a96b9560c503f1) Importer(2089858483,192608db42251d675da83286b1cce702)
Start importing Assets/Wwise/API/Runtime/Handwritten/Common/AkVector64.cs using Guid(e1f37014e21b5d0499a96b9560c503f1) Importer(2089858483,192608db42251d675da83286b1cce702) (ScriptedImporter) -> (artifact id: 'c8ed25d9011d8ad860157a8c46569345') in 0.0220633 seconds
Number of updated asset objects reloaded before import = 0Number of asset objects unloaded after import = 0

========================================================================
Received Import Request.
  Time since last request: 0.000022 seconds.
  path: Assets/Wwise/API/Runtime/Handwritten/Mac/AkMacSettings.cs
  artifactKey: Guid(cc4414d8651cc67498372d88b2b72ff8) Importer(2089858483,192608db42251d675da83286b1cce702)
Start importing Assets/Wwise/API/Runtime/Handwritten/Mac/AkMacSettings.cs using Guid(cc4414d8651cc67498372d88b2b72ff8) Importer(2089858483,192608db42251d675da83286b1cce702) (ScriptedImporter) -> (artifact id: 'e8f16220421b8c64caf8578edd023c2b') in 0.0203681 seconds
Number of updated asset objects reloaded before import = 0Number of asset objects unloaded after import = 0

========================================================================
Received Import Request.
  Time since last request: 0.214623 seconds.
  path: Assets/Wwise/API/Runtime/WwiseTypes/WwiseObjects/WwiseObjectReference.cs
  artifactKey: Guid(7a656cc8f397a1c4a8a4fc6fa9db205f) Importer(2089858483,192608db42251d675da83286b1cce702)
Start importing Assets/Wwise/API/Runtime/WwiseTypes/WwiseObjects/WwiseObjectReference.cs using Guid(7a656cc8f397a1c4a8a4fc6fa9db205f) Importer(2089858483,192608db42251d675da83286b1cce702) (ScriptedImporter) -> (artifact id: '813399160bfd437ad6be07f68cc9cfe8') in 0.0178247 seconds
Number of updated asset objects reloaded before import = 0Number of asset objects unloaded after import = 0

========================================================================
Received Import Request.
  Time since last request: 0.000038 seconds.
  path: Assets/Wwise/API/Runtime/WwiseTypes/WwiseTypes/AkWwiseAuxBus.cs
  artifactKey: Guid(b80f3a895571eee4aa1481d62ed01d3c) Importer(2089858483,192608db42251d675da83286b1cce702)
Start importing Assets/Wwise/API/Runtime/WwiseTypes/WwiseTypes/AkWwiseAuxBus.cs using Guid(b80f3a895571eee4aa1481d62ed01d3c) Importer(2089858483,192608db42251d675da83286b1cce702) (ScriptedImporter) -> (artifact id: '39954ee3cabc02f7128578170bdd0355') in 0.024737 seconds
Number of updated asset objects reloaded before import = 0Number of asset objects unloaded after import = 0

========================================================================
Received Import Request.
  Time since last request: 0.000035 seconds.
  path: Assets/Wwise/API/Runtime/WwiseTypes/WwiseObjects/WwiseTriggerReference.cs
  artifactKey: Guid(cdef498cb1b0c4f40976006e5b5d17b1) Importer(2089858483,192608db42251d675da83286b1cce702)
Start importing Assets/Wwise/API/Runtime/WwiseTypes/WwiseObjects/WwiseTriggerReference.cs using Guid(cdef498cb1b0c4f40976006e5b5d17b1) Importer(2089858483,192608db42251d675da83286b1cce702) (ScriptedImporter) -> (artifact id: 'fab96a5cfd67886d8f23707397554cfa') in 0.0171314 seconds
Number of updated asset objects reloaded before import = 0Number of asset objects unloaded after import = 0

========================================================================
Received Import Request.
  Time since last request: 0.000027 seconds.
  path: Assets/Wwise/API/Runtime/WwiseTypes/WwiseObjects/WwiseSwitchReference.cs
  artifactKey: Guid(d76e0972b6a936a4c842faf79e0f1c78) Importer(2089858483,192608db42251d675da83286b1cce702)
Start importing Assets/Wwise/API/Runtime/WwiseTypes/WwiseObjects/WwiseSwitchReference.cs using Guid(d76e0972b6a936a4c842faf79e0f1c78) Importer(2089858483,192608db42251d675da83286b1cce702) (ScriptedImporter) -> (artifact id: 'aa2da21d6029b7960fbb10a3b9084800') in 0.015047 seconds
Number of updated asset objects reloaded before import = 0Number of asset objects unloaded after import = 0

========================================================================
Received Import Request.
  Time since last request: 0.189250 seconds.
  path: Assets/Wwise/ProjectDatabase/Runtime/Handwritten/Common/WwiseAcousticTextureRefArray.cs
  artifactKey: Guid(da621c091cad38747b822860860e0582) Importer(2089858483,192608db42251d675da83286b1cce702)
Start importing Assets/Wwise/ProjectDatabase/Runtime/Handwritten/Common/WwiseAcousticTextureRefArray.cs using Guid(da621c091cad38747b822860860e0582) Importer(2089858483,192608db42251d675da83286b1cce702) (ScriptedImporter) -> (artifact id: 'e294b86a4e54107a72121f420383a806') in 0.0171151 seconds
Number of updated asset objects reloaded before import = 0Number of asset objects unloaded after import = 0

========================================================================
Received Import Request.
  Time since last request: 0.000029 seconds.
  path: Assets/Wwise/ProjectDatabase/Runtime/Handwritten/Common/WwisePlatformRef.cs
  artifactKey: Guid(19d3f1622b9037f41b5a90e0965c8026) Importer(2089858483,192608db42251d675da83286b1cce702)
Start importing Assets/Wwise/ProjectDatabase/Runtime/Handwritten/Common/WwisePlatformRef.cs using Guid(19d3f1622b9037f41b5a90e0965c8026) Importer(2089858483,192608db42251d675da83286b1cce702) (ScriptedImporter) -> (artifact id: '5bfb2217cfa53e898e77ebf121857fc3') in 0.0178139 seconds
Number of updated asset objects reloaded before import = 0Number of asset objects unloaded after import = 0

========================================================================
Received Import Request.
  Time since last request: 0.000042 seconds.
  path: Assets/Wwise/ProjectDatabase/Runtime/Handwritten/Common/WwisePluginRef.cs
  artifactKey: Guid(6fabd4de2b918ae40a5a3351f189a6c0) Importer(2089858483,192608db42251d675da83286b1cce702)
Start importing Assets/Wwise/ProjectDatabase/Runtime/Handwritten/Common/WwisePluginRef.cs using Guid(6fabd4de2b918ae40a5a3351f189a6c0) Importer(2089858483,192608db42251d675da83286b1cce702) (ScriptedImporter) -> (artifact id: '5042bb1a6d82fdde88427d9de943a0c4') in 0.0342747 seconds
Number of updated asset objects reloaded before import = 0Number of asset objects unloaded after import = 0

========================================================================
Received Import Request.
  Time since last request: 0.000035 seconds.
  path: Assets/Wwise/ProjectDatabase/Runtime/Handwritten/Common/WwiseStateRef.cs
  artifactKey: Guid(36094392b808fd145a2188d363aae28a) Importer(2089858483,192608db42251d675da83286b1cce702)
Start importing Assets/Wwise/ProjectDatabase/Runtime/Handwritten/Common/WwiseStateRef.cs using Guid(36094392b808fd145a2188d363aae28a) Importer(2089858483,192608db42251d675da83286b1cce702) (ScriptedImporter) -> (artifact id: 'f0aaa872467b4495a28f576cb8bf7a73') in 0.0188406 seconds
Number of updated asset objects reloaded before import = 0Number of asset objects unloaded after import = 0

========================================================================
Received Import Request.
  Time since last request: 0.116958 seconds.
  path: Assets/Wwise/ProjectDatabase/Runtime/Handwritten/Common/WwiseTriggerRefArray.cs
  artifactKey: Guid(87e906a4c96c58a4f90c02169f1af041) Importer(2089858483,192608db42251d675da83286b1cce702)
Start importing Assets/Wwise/ProjectDatabase/Runtime/Handwritten/Common/WwiseTriggerRefArray.cs using Guid(87e906a4c96c58a4f90c02169f1af041) Importer(2089858483,192608db42251d675da83286b1cce702) (ScriptedImporter) -> (artifact id: '163accea642a93dfdd945f1e20523c8d') in 0.0184427 seconds
Number of updated asset objects reloaded before import = 0Number of asset objects unloaded after import = 0

========================================================================
Received Import Request.
  Time since last request: 0.000065 seconds.
  path: Assets/Wwise/API/Runtime/Handwritten/Common/Arrays/AkPositionArray.cs
  artifactKey: Guid(f1f6a9afcbf068d40b24dcb856026bbe) Importer(2089858483,192608db42251d675da83286b1cce702)
Start importing Assets/Wwise/API/Runtime/Handwritten/Common/Arrays/AkPositionArray.cs using Guid(f1f6a9afcbf068d40b24dcb856026bbe) Importer(2089858483,192608db42251d675da83286b1cce702) (ScriptedImporter) -> (artifact id: '88ccf095fb8f8b758bcad5dc75a1265b') in 0.0377273 seconds
Number of updated asset objects reloaded before import = 0Number of asset objects unloaded after import = 0

========================================================================
Received Import Request.
  Time since last request: 0.000140 seconds.
  path: Assets/Wwise/API/Runtime/Handwritten/Common/Arrays/AkObstructionOcclusionValuesArray.cs
  artifactKey: Guid(03b3e16c7f66a414686460a853e038c5) Importer(2089858483,192608db42251d675da83286b1cce702)
Start importing Assets/Wwise/API/Runtime/Handwritten/Common/Arrays/AkObstructionOcclusionValuesArray.cs using Guid(03b3e16c7f66a414686460a853e038c5) Importer(2089858483,192608db42251d675da83286b1cce702) (ScriptedImporter) -> (artifact id: 'd0041007214275416785536af3e4d7ee') in 0.0213826 seconds
Number of updated asset objects reloaded before import = 0Number of asset objects unloaded after import = 0

========================================================================
Received Import Request.
  Time since last request: 0.000021 seconds.
  path: Assets/Wwise/API/Runtime/Handwritten/Common/Arrays/AkDeviceDescriptionArray.cs
  artifactKey: Guid(e80fcac24a036f74aa3a96bcccf8be0a) Importer(2089858483,192608db42251d675da83286b1cce702)
Start importing Assets/Wwise/API/Runtime/Handwritten/Common/Arrays/AkDeviceDescriptionArray.cs using Guid(e80fcac24a036f74aa3a96bcccf8be0a) Importer(2089858483,192608db42251d675da83286b1cce702) (ScriptedImporter) -> (artifact id: '67090a66ff64d8ccdc6ddb76d365ff0b') in 0.0230276 seconds
Number of updated asset objects reloaded before import = 0Number of asset objects unloaded after import = 0

========================================================================
Received Import Request.
  Time since last request: 0.061639 seconds.
  path: Assets/Wwise/ProjectDatabase/Runtime/Plugins/Mac/DSP/libWwiseProjectDatabase.dylib
  artifactKey: Guid(3276006642471b9499ee83d018b999a5) Importer(2089858483,192608db42251d675da83286b1cce702)
Start importing Assets/Wwise/ProjectDatabase/Runtime/Plugins/Mac/DSP/libWwiseProjectDatabase.dylib using Guid(3276006642471b9499ee83d018b999a5) Importer(2089858483,192608db42251d675da83286b1cce702) (ScriptedImporter) -> (artifact id: '6aeeadc6ccec93494365cc9037d678f2') in 0.0349817 seconds
Number of updated asset objects reloaded before import = 0Number of asset objects unloaded after import = 0

========================================================================
Received Import Request.
  Time since last request: 0.000026 seconds.
  path: Assets/Wwise/API/Runtime/Plugins/Windows/x86/DSP/AkSoundEngineDLL.pdb
  artifactKey: Guid(3f0c7f6f1375fd441b3051df767a89b2) Importer(2089858483,192608db42251d675da83286b1cce702)
Start importing Assets/Wwise/API/Runtime/Plugins/Windows/x86/DSP/AkSoundEngineDLL.pdb using Guid(3f0c7f6f1375fd441b3051df767a89b2) Importer(2089858483,192608db42251d675da83286b1cce702) (ScriptedImporter) -> (artifact id: '7163dc6f222dd00be668b6b4830d83f8') in 0.0165682 seconds
Number of updated asset objects reloaded before import = 0Number of asset objects unloaded after import = 1

========================================================================
Received Import Request.
  Time since last request: 0.000026 seconds.
  path: Assets/Wwise/API/Runtime/Plugins/Windows/x86/DSP/AkSidechain.pdb
  artifactKey: Guid(3648bdb146c5bd247b253b9831610a8b) Importer(2089858483,192608db42251d675da83286b1cce702)
Start importing Assets/Wwise/API/Runtime/Plugins/Windows/x86/DSP/AkSidechain.pdb using Guid(3648bdb146c5bd247b253b9831610a8b) Importer(2089858483,192608db42251d675da83286b1cce702) (ScriptedImporter) -> (artifact id: '85b5792781c8cf25c9b4ae9ffda5a9a4') in 0.0165238 seconds
Number of updated asset objects reloaded before import = 0Number of asset objects unloaded after import = 1

========================================================================
Received Import Request.
  Time since last request: 0.000188 seconds.
  path: Assets/Wwise/API/Runtime/Plugins/Windows/x86/DSP/AkSoundSeedGrain.dll
  artifactKey: Guid(734d3b58cad51ac418657dcf19fad33d) Importer(2089858483,192608db42251d675da83286b1cce702)
Start importing Assets/Wwise/API/Runtime/Plugins/Windows/x86/DSP/AkSoundSeedGrain.dll using Guid(734d3b58cad51ac418657dcf19fad33d) Importer(2089858483,192608db42251d675da83286b1cce702) (ScriptedImporter) -> (artifact id: '294b3e521047eda488e9421e1a59602c') in 0.0379962 seconds
Number of updated asset objects reloaded before import = 0Number of asset objects unloaded after import = 0

========================================================================
Received Import Request.
  Time since last request: 0.039965 seconds.
  path: Assets/Wwise/API/Runtime/Plugins/Windows/x86/Profile/AkUnitySoundEngine.dll
  artifactKey: Guid(6baca26b2d2772e4ebccacf918fdf81e) Importer(2089858483,192608db42251d675da83286b1cce702)
Start importing Assets/Wwise/API/Runtime/Plugins/Windows/x86/Profile/AkUnitySoundEngine.dll using Guid(6baca26b2d2772e4ebccacf918fdf81e) Importer(2089858483,192608db42251d675da83286b1cce702) (ScriptedImporter) -> (artifact id: 'fcaea6797a8f58ca61b7b1528200a501') in 0.0190979 seconds
Number of updated asset objects reloaded before import = 0Number of asset objects unloaded after import = 0

========================================================================
Received Import Request.
  Time since last request: 0.000026 seconds.
  path: Assets/Wwise/API/Runtime/Plugins/Windows/x86_64/DSP/AkSidechain.pdb
  artifactKey: Guid(911a40a69667b354db8d7465a845ac97) Importer(2089858483,192608db42251d675da83286b1cce702)
Start importing Assets/Wwise/API/Runtime/Plugins/Windows/x86_64/DSP/AkSidechain.pdb using Guid(911a40a69667b354db8d7465a845ac97) Importer(2089858483,192608db42251d675da83286b1cce702) (ScriptedImporter) -> (artifact id: 'ba0bf2ca5d71d4d3a93823e4359bbf63') in 0.0301558 seconds
Number of updated asset objects reloaded before import = 0Number of asset objects unloaded after import = 1

========================================================================
Received Import Request.
  Time since last request: 0.000030 seconds.
  path: Assets/Wwise/API/Runtime/Plugins/Windows/x86_64/Debug/AkUnitySoundEngine.pdb
  artifactKey: Guid(73121bc3fec4374448cc615e3dbae5a6) Importer(2089858483,192608db42251d675da83286b1cce702)
Start importing Assets/Wwise/API/Runtime/Plugins/Windows/x86_64/Debug/AkUnitySoundEngine.pdb using Guid(73121bc3fec4374448cc615e3dbae5a6) Importer(2089858483,192608db42251d675da83286b1cce702) (ScriptedImporter) -> (artifact id: '2a7b1c9b4354c7eaf112fe43cc7c742a') in 0.0198418 seconds
Number of updated asset objects reloaded before import = 0Number of asset objects unloaded after import = 1

========================================================================
Received Import Request.
  Time since last request: 0.000039 seconds.
  path: Assets/Wwise/API/Runtime/Plugins/Windows/x86_64/DSP/AkSoundSeedAir.dll
  artifactKey: Guid(5be48a1e3f9c81c4bac82e87d28c588d) Importer(2089858483,192608db42251d675da83286b1cce702)
Start importing Assets/Wwise/API/Runtime/Plugins/Windows/x86_64/DSP/AkSoundSeedAir.dll using Guid(5be48a1e3f9c81c4bac82e87d28c588d) Importer(2089858483,192608db42251d675da83286b1cce702) (ScriptedImporter) -> (artifact id: 'd6bcc39b791b1bb617c2910224631f18') in 0.0173925 seconds
Number of updated asset objects reloaded before import = 0Number of asset objects unloaded after import = 0

========================================================================
Received Import Request.
  Time since last request: 0.103956 seconds.
  path: Assets/Wwise/API/Runtime/Plugins/Windows/x86_64/DSP/MasteringSuite.dll
  artifactKey: Guid(101a45d9ee00a5946bebd48329ddc6ba) Importer(2089858483,192608db42251d675da83286b1cce702)
Start importing Assets/Wwise/API/Runtime/Plugins/Windows/x86_64/DSP/MasteringSuite.dll using Guid(101a45d9ee00a5946bebd48329ddc6ba) Importer(2089858483,192608db42251d675da83286b1cce702) (ScriptedImporter) -> (artifact id: '9a969ae75dc384eb5e9e9f400911cd34') in 0.0237058 seconds
Number of updated asset objects reloaded before import = 0Number of asset objects unloaded after import = 0

========================================================================
Received Import Request.
  Time since last request: 0.000026 seconds.
  path: Assets/Wwise/ProjectDatabase/Runtime/Plugins/Windows/x86_64/DSP/WwiseProjectDatabase.dll
  artifactKey: Guid(6735ea8d5af15e44ea666ad1d68791c3) Importer(2089858483,192608db42251d675da83286b1cce702)
Start importing Assets/Wwise/ProjectDatabase/Runtime/Plugins/Windows/x86_64/DSP/WwiseProjectDatabase.dll using Guid(6735ea8d5af15e44ea666ad1d68791c3) Importer(2089858483,192608db42251d675da83286b1cce702) (ScriptedImporter) -> (artifact id: 'bd8a909f35c3f447fe8ef2253f1e5ac1') in 0.0274077 seconds
Number of updated asset objects reloaded before import = 0Number of asset objects unloaded after import = 0

========================================================================
Received Import Request.
  Time since last request: 0.000046 seconds.
  path: Assets/Wwise/API/Runtime/Plugins/Mac/Debug/AkUnitySoundEngine.bundle.dSYM/Contents/Resources/Relocations/aarch64/AkUnitySoundEngine.yml
  artifactKey: Guid(bbaba23c1e7612f4ca12db64ec957338) Importer(2089858483,192608db42251d675da83286b1cce702)
Start importing Assets/Wwise/API/Runtime/Plugins/Mac/Debug/AkUnitySoundEngine.bundle.dSYM/Contents/Resources/Relocations/aarch64/AkUnitySoundEngine.yml using Guid(bbaba23c1e7612f4ca12db64ec957338) Importer(2089858483,192608db42251d675da83286b1cce702) (ScriptedImporter) -> (artifact id: 'a7ded58484e5587315dba6a83844927b') in 0.0198591 seconds
Number of updated asset objects reloaded before import = 0Number of asset objects unloaded after import = 1

========================================================================
Received Import Request.
  Time since last request: 0.000018 seconds.
  path: Assets/Wwise/API/Runtime/Plugins/Mac/Profile/AkUnitySoundEngine.bundle.dSYM/Contents/Info.plist
  artifactKey: Guid(c1a916c2677031c49ad722a61113b8a5) Importer(2089858483,192608db42251d675da83286b1cce702)
Start importing Assets/Wwise/API/Runtime/Plugins/Mac/Profile/AkUnitySoundEngine.bundle.dSYM/Contents/Info.plist using Guid(c1a916c2677031c49ad722a61113b8a5) Importer(2089858483,192608db42251d675da83286b1cce702) (ScriptedImporter) -> (artifact id: '7c911b262bb52b5286642a734863a09b') in 0.0239264 seconds
Number of updated asset objects reloaded before import = 0Number of asset objects unloaded after import = 1

========================================================================
Received Import Request.
  Time since last request: 2.106701 seconds.
  path: Assets/Wwise/MonoBehaviour/Editor/AkBankInspector.cs
  artifactKey: Guid(d55d91e989a32d848aa37ae475809b3c) Importer(2089858483,192608db42251d675da83286b1cce702)
Start importing Assets/Wwise/MonoBehaviour/Editor/AkBankInspector.cs using Guid(d55d91e989a32d848aa37ae475809b3c) Importer(2089858483,192608db42251d675da83286b1cce702) (ScriptedImporter) -> (artifact id: '732dcdfff83b4ea5b0ba743a9360ed8f') in 0.0236268 seconds
Number of updated asset objects reloaded before import = 0Number of asset objects unloaded after import = 0

========================================================================
Received Import Request.
  Time since last request: 0.000025 seconds.
  path: Assets/Wwise/MonoBehaviour/Runtime/AkSwitch.cs
  artifactKey: Guid(dd05bbf4d069c2d4d9529018f6e2bf7d) Importer(2089858483,192608db42251d675da83286b1cce702)
Start importing Assets/Wwise/MonoBehaviour/Runtime/AkSwitch.cs using Guid(dd05bbf4d069c2d4d9529018f6e2bf7d) Importer(2089858483,192608db42251d675da83286b1cce702) (ScriptedImporter) -> (artifact id: 'b6cc358f1ba7e30b9fdb508309175e62') in 0.0171838 seconds
Number of updated asset objects reloaded before import = 0Number of asset objects unloaded after import = 0

========================================================================
Received Import Request.
  Time since last request: 0.000026 seconds.
  path: Assets/Wwise/MonoBehaviour/Runtime/AkSoundEngineController.cs
  artifactKey: Guid(b5c0e289965b1cd4cb8cf447e65f5c82) Importer(2089858483,192608db42251d675da83286b1cce702)
Start importing Assets/Wwise/MonoBehaviour/Runtime/AkSoundEngineController.cs using Guid(b5c0e289965b1cd4cb8cf447e65f5c82) Importer(2089858483,192608db42251d675da83286b1cce702) (ScriptedImporter) -> (artifact id: '28322e37630ceaf3e9e49149e3c8ed9f') in 0.019157 seconds
Number of updated asset objects reloaded before import = 0Number of asset objects unloaded after import = 0

========================================================================
Received Import Request.
  Time since last request: 0.000042 seconds.
  path: Assets/Wwise/MonoBehaviour/Runtime/AkTriggerEnable.cs
  artifactKey: Guid(73c6cfa3d781f644e80f63ea60d32e19) Importer(2089858483,192608db42251d675da83286b1cce702)
Start importing Assets/Wwise/MonoBehaviour/Runtime/AkTriggerEnable.cs using Guid(73c6cfa3d781f644e80f63ea60d32e19) Importer(2089858483,192608db42251d675da83286b1cce702) (ScriptedImporter) -> (artifact id: 'fd51994af189f1f1eb032df2f4a427cb') in 0.0175184 seconds
Number of updated asset objects reloaded before import = 0Number of asset objects unloaded after import = 0

========================================================================
Received Import Request.
  Time since last request: 0.000021 seconds.
  path: Assets/Wwise/MonoBehaviour/Editor/AkSurfaceReflectorInspector.cs
  artifactKey: Guid(2d66d87acc1813a4e8d771b36c2a7794) Importer(2089858483,192608db42251d675da83286b1cce702)
Start importing Assets/Wwise/MonoBehaviour/Editor/AkSurfaceReflectorInspector.cs using Guid(2d66d87acc1813a4e8d771b36c2a7794) Importer(2089858483,192608db42251d675da83286b1cce702) (ScriptedImporter) -> (artifact id: '1717230eaffb21e6b08f4ad5130deb84') in 0.0143128 seconds
Number of updated asset objects reloaded before import = 0Number of asset objects unloaded after import = 0

========================================================================
Received Import Request.
  Time since last request: 0.000022 seconds.
  path: Assets/Wwise/MonoBehaviour/Runtime/AkGameObj.cs
  artifactKey: Guid(8db76f8a5ba4bc44d89ba7a2299f85b1) Importer(2089858483,192608db42251d675da83286b1cce702)
Start importing Assets/Wwise/MonoBehaviour/Runtime/AkGameObj.cs using Guid(8db76f8a5ba4bc44d89ba7a2299f85b1) Importer(2089858483,192608db42251d675da83286b1cce702) (ScriptedImporter) -> (artifact id: '21cb46a38323d33f8dccde4a3dfa8ebc') in 0.0185194 seconds
Number of updated asset objects reloaded before import = 0Number of asset objects unloaded after import = 0

========================================================================
Received Import Request.
  Time since last request: 0.000041 seconds.
  path: Assets/Wwise/MonoBehaviour/Runtime/AkInitializer.cs
  artifactKey: Guid(37b4dd6030fbf944582e5c9ca06469e0) Importer(2089858483,192608db42251d675da83286b1cce702)
Start importing Assets/Wwise/MonoBehaviour/Runtime/AkInitializer.cs using Guid(37b4dd6030fbf944582e5c9ca06469e0) Importer(2089858483,192608db42251d675da83286b1cce702) (ScriptedImporter) -> (artifact id: 'ba2e266130006da39722e1d98e597020') in 0.0170405 seconds
Number of updated asset objects reloaded before import = 0Number of asset objects unloaded after import = 0

========================================================================
Received Import Request.
  Time since last request: 0.000039 seconds.
  path: Assets/Wwise/Timeline/Runtime/AkTimelineRtpcTrack.cs
  artifactKey: Guid(273f66aaba5ad6c4da5569f017e27cf0) Importer(2089858483,192608db42251d675da83286b1cce702)
Start importing Assets/Wwise/Timeline/Runtime/AkTimelineRtpcTrack.cs using Guid(273f66aaba5ad6c4da5569f017e27cf0) Importer(2089858483,192608db42251d675da83286b1cce702) (ScriptedImporter) -> (artifact id: '4272784de8ad02cf874a33c93cf7881c') in 0.0154279 seconds
Number of updated asset objects reloaded before import = 0Number of asset objects unloaded after import = 0

========================================================================
Received Import Request.
  Time since last request: 0.000026 seconds.
  path: Assets/StarterAssets/Environment/Art/Textures/Grid_02_BaseMap.png
  artifactKey: Guid(d9c0dd5cdac07b145be73329e489869a) Importer(2089858483,192608db42251d675da83286b1cce702)
Start importing Assets/StarterAssets/Environment/Art/Textures/Grid_02_BaseMap.png using Guid(d9c0dd5cdac07b145be73329e489869a) Importer(2089858483,192608db42251d675da83286b1cce702) (ScriptedImporter) -> (artifact id: '884925ddc2d98f260beef9e25e3a4a14') in 0.0283921 seconds
Number of updated asset objects reloaded before import = 0Number of asset objects unloaded after import = 1

========================================================================
Received Import Request.
  Time since last request: 0.000028 seconds.
  path: Assets/StarterAssets/Environment/Art/Models/Stairs_650_400_300_Mesh.fbx
  artifactKey: Guid(7e0223e1d3e1733499accfa5ebffb67e) Importer(2089858483,192608db42251d675da83286b1cce702)
Start importing Assets/StarterAssets/Environment/Art/Models/Stairs_650_400_300_Mesh.fbx using Guid(7e0223e1d3e1733499accfa5ebffb67e) Importer(2089858483,192608db42251d675da83286b1cce702) (ScriptedImporter) -> (artifact id: 'a3e3cadbce5b8798e73bd37af6c4b0ac') in 0.0371645 seconds
Number of updated asset objects reloaded before import = 0Number of asset objects unloaded after import = 16

========================================================================
Received Import Request.
  Time since last request: 0.000023 seconds.
  path: Assets/StarterAssets/Environment/Art/Models/Ramp_Mesh.fbx
  artifactKey: Guid(426a2785f8a940049aac2c246661cf09) Importer(2089858483,192608db42251d675da83286b1cce702)
Start importing Assets/StarterAssets/Environment/Art/Models/Ramp_Mesh.fbx using Guid(426a2785f8a940049aac2c246661cf09) Importer(2089858483,192608db42251d675da83286b1cce702) (ScriptedImporter) -> (artifact id: 'e3c3e108e662bce767600836f72d1717') in 0.0380784 seconds
Number of updated asset objects reloaded before import = 0Number of asset objects unloaded after import = 8

========================================================================
Received Import Request.
  Time since last request: 0.000037 seconds.
  path: Assets/Wwise/ScriptableObjects/State/C1EE484F-9FED-4640-A37C-546C64E8FFBB.asset
  artifactKey: Guid(5c99cb06fc06b4a43bf30f571f31cf29) Importer(2089858483,192608db42251d675da83286b1cce702)
Start importing Assets/Wwise/ScriptableObjects/State/C1EE484F-9FED-4640-A37C-546C64E8FFBB.asset using Guid(5c99cb06fc06b4a43bf30f571f31cf29) Importer(2089858483,192608db42251d675da83286b1cce702) (ScriptedImporter) -> (artifact id: '3633c789c3ddc29c24dfebdd436e273e') in 0.0228644 seconds
Number of updated asset objects reloaded before import = 0Number of asset objects unloaded after import = 2

========================================================================
Received Import Request.
  Time since last request: 0.000017 seconds.
  path: Assets/Wwise/API/Editor/WwiseWindows/TreeViewIcons/bus_nor.png
  artifactKey: Guid(d7721d3aa7670ab4b8b6abb955364445) Importer(2089858483,192608db42251d675da83286b1cce702)
Start importing Assets/Wwise/API/Editor/WwiseWindows/TreeViewIcons/bus_nor.png using Guid(d7721d3aa7670ab4b8b6abb955364445) Importer(2089858483,192608db42251d675da83286b1cce702) (ScriptedImporter) -> (artifact id: '5c99c0b959629037b9a72f74b549b2d3') in 0.0277707 seconds
Number of updated asset objects reloaded before import = 0Number of asset objects unloaded after import = 1

========================================================================
Received Import Request.
  Time since last request: 0.000023 seconds.
  path: Assets/Wwise/Tools/AddressableInstaller/Editor/AddressableInstaller.cs
  artifactKey: Guid(c8525ed8c4e977542a9426e88218459e) Importer(2089858483,192608db42251d675da83286b1cce702)
Start importing Assets/Wwise/Tools/AddressableInstaller/Editor/AddressableInstaller.cs using Guid(c8525ed8c4e977542a9426e88218459e) Importer(2089858483,192608db42251d675da83286b1cce702) (ScriptedImporter) -> (artifact id: '34070774bbe1a92ad628b8cfc3bf7904') in 0.0177143 seconds
Number of updated asset objects reloaded before import = 0Number of asset objects unloaded after import = 0

========================================================================
Received Import Request.
  Time since last request: 0.000029 seconds.
  path: Assets/Wwise/API/Editor/WwiseMenu/Common/AkUnityBuilderBase.cs
  artifactKey: Guid(fddb743a3d8d7e442a38eec8961c9b70) Importer(2089858483,192608db42251d675da83286b1cce702)
Start importing Assets/Wwise/API/Editor/WwiseMenu/Common/AkUnityBuilderBase.cs using Guid(fddb743a3d8d7e442a38eec8961c9b70) Importer(2089858483,192608db42251d675da83286b1cce702) (ScriptedImporter) -> (artifact id: 'd1772fec4bd92df9140a4390b62476f3') in 0.0169066 seconds
Number of updated asset objects reloaded before import = 0Number of asset objects unloaded after import = 0

========================================================================
Received Import Request.
  Time since last request: 0.000037 seconds.
  path: Assets/Wwise/API/Editor/WwiseWindows/TreeViewIcons/blank.png
  artifactKey: Guid(180f13dbd67e53349870b584354688b4) Importer(2089858483,192608db42251d675da83286b1cce702)
Start importing Assets/Wwise/API/Editor/WwiseWindows/TreeViewIcons/blank.png using Guid(180f13dbd67e53349870b584354688b4) Importer(2089858483,192608db42251d675da83286b1cce702) (ScriptedImporter) -> (artifact id: '76e6bd9b795c4fdee6467d22e97e4302') in 0.0252713 seconds
Number of updated asset objects reloaded before import = 0Number of asset objects unloaded after import = 1

========================================================================
Received Import Request.
  Time since last request: 0.000021 seconds.
  path: Assets/Wwise/API/Editor/WwiseWindows/AkWwiseTreeProjectDataSource.cs
  artifactKey: Guid(915e17f45253abb4dbebd16ac960fc88) Importer(2089858483,192608db42251d675da83286b1cce702)
Start importing Assets/Wwise/API/Editor/WwiseWindows/AkWwiseTreeProjectDataSource.cs using Guid(915e17f45253abb4dbebd16ac960fc88) Importer(2089858483,192608db42251d675da83286b1cce702) (ScriptedImporter) -> (artifact id: 'f7c1d05b763a23eb2b30c203b519fd71') in 0.0190837 seconds
Number of updated asset objects reloaded before import = 0Number of asset objects unloaded after import = 0

========================================================================
Received Import Request.
  Time since last request: 0.000020 seconds.
  path: Assets/Wwise/Documentation/AppleCommon/zh/WwiseUnityIntegrationHelp_Mac_zh.chm
  artifactKey: Guid(398d9ce0e1666354da7d0cda56a5e6fc) Importer(2089858483,192608db42251d675da83286b1cce702)
Start importing Assets/Wwise/Documentation/AppleCommon/zh/WwiseUnityIntegrationHelp_Mac_zh.chm using Guid(398d9ce0e1666354da7d0cda56a5e6fc) Importer(2089858483,192608db42251d675da83286b1cce702) (ScriptedImporter) -> (artifact id: 'f8779d67144e9719ec08677f7efd7fa5') in 0.0165117 seconds
Number of updated asset objects reloaded before import = 0Number of asset objects unloaded after import = 1

========================================================================
Received Import Request.
  Time since last request: 0.000026 seconds.
  path: Assets/Wwise/API/Editor/WwiseTypes/TriggerDrawer.cs
  artifactKey: Guid(a48507f2d8159614b84e8acad6316f9b) Importer(2089858483,192608db42251d675da83286b1cce702)
Start importing Assets/Wwise/API/Editor/WwiseTypes/TriggerDrawer.cs using Guid(a48507f2d8159614b84e8acad6316f9b) Importer(2089858483,192608db42251d675da83286b1cce702) (ScriptedImporter) -> (artifact id: '81bd7e9c8b3c798f6e080e6311f8ec04') in 0.0162779 seconds
Number of updated asset objects reloaded before import = 0Number of asset objects unloaded after import = 0

========================================================================
Received Import Request.
  Time since last request: 0.000044 seconds.
  path: Assets/Wwise/Timeline/Runtime/AkEventPlayable.cs
  artifactKey: Guid(5d41dc16d455a6c4790f60159fb04216) Importer(2089858483,192608db42251d675da83286b1cce702)
Start importing Assets/Wwise/Timeline/Runtime/AkEventPlayable.cs using Guid(5d41dc16d455a6c4790f60159fb04216) Importer(2089858483,192608db42251d675da83286b1cce702) (ScriptedImporter) -> (artifact id: '56032089ab280e73af4ac78e05dbd0cd') in 0.0175628 seconds
Number of updated asset objects reloaded before import = 0Number of asset objects unloaded after import = 0

========================================================================
Received Import Request.
  Time since last request: 0.000027 seconds.
  path: Assets/Wwise/MonoBehaviour/Runtime/AkAmbientLargeModePositioner.cs
  artifactKey: Guid(b86a07084438faa41b4b11b7bb14d67f) Importer(2089858483,192608db42251d675da83286b1cce702)
Start importing Assets/Wwise/MonoBehaviour/Runtime/AkAmbientLargeModePositioner.cs using Guid(b86a07084438faa41b4b11b7bb14d67f) Importer(2089858483,192608db42251d675da83286b1cce702) (ScriptedImporter) -> (artifact id: '8741c9044f3b052dcc1eb90a4f31ee2d') in 0.0195259 seconds
Number of updated asset objects reloaded before import = 0Number of asset objects unloaded after import = 0

Editor requested this worker to shutdown with reason: Scaling down because of idle timeout
AssetImportWorkerClient::OnTransportError - code=2 error=End of file
AssetImportWorker is now disconnected from the server
Process exiting
Exiting without the bug reporter. Application will terminate with return code 0