Using pre-set license
Built from '6000.0/staging' branch; Version is '6000.0.34f1 (5ab2d9ed9190) revision 5944025'; Using compiler version '193933523'; Build Type 'Release'
OS: 'Windows 11  (10.0.22621) 64bit CoreCountrySpecific' Language: 'zh' Physical Memory: 16107 MB
BatchMode: 1, IsHumanControllingUs: 0, StartBugReporterOnCrash: 0, Is64bit: 1, IsPro: 1

COMMAND LINE ARGUMENTS:
C:\Program Files\Unity\Hub\Editor\6000.0.34f1\Editor\Unity.exe
-adb2
-batchMode
-noUpm
-name
AssetImportWorker3
-projectPath
D:/UnityProjects/GameAudio101
-logFile
Logs/AssetImportWorker3.log
-srvPort
4990
-job-worker-count
7
-background-job-worker-count
8
-gc-helper-count
1
Successfully changed project path to: D:/UnityProjects/GameAudio101
D:/UnityProjects/GameAudio101
[UnityMemory] Configuration Parameters - Can be set up in boot.config
    "memorysetup-bucket-allocator-granularity=16"
    "memorysetup-bucket-allocator-bucket-count=8"
    "memorysetup-bucket-allocator-block-size=33554432"
    "memorysetup-bucket-allocator-block-count=8"
    "memorysetup-main-allocator-block-size=16777216"
    "memorysetup-thread-allocator-block-size=16777216"
    "memorysetup-gfx-main-allocator-block-size=16777216"
    "memorysetup-gfx-thread-allocator-block-size=16777216"
    "memorysetup-cache-allocator-block-size=4194304"
    "memorysetup-typetree-allocator-block-size=2097152"
    "memorysetup-profiler-bucket-allocator-granularity=16"
    "memorysetup-profiler-bucket-allocator-bucket-count=8"
    "memorysetup-profiler-bucket-allocator-block-size=33554432"
    "memorysetup-profiler-bucket-allocator-block-count=8"
    "memorysetup-profiler-allocator-block-size=16777216"
    "memorysetup-profiler-editor-allocator-block-size=1048576"
    "memorysetup-temp-allocator-size-main=16777216"
    "memorysetup-job-temp-allocator-block-size=2097152"
    "memorysetup-job-temp-allocator-block-size-background=1048576"
    "memorysetup-job-temp-allocator-reduction-small-platforms=262144"
    "memorysetup-allocator-temp-initial-block-size-main=262144"
    "memorysetup-allocator-temp-initial-block-size-worker=262144"
    "memorysetup-temp-allocator-size-background-worker=32768"
    "memorysetup-temp-allocator-size-job-worker=262144"
    "memorysetup-temp-allocator-size-preload-manager=33554432"
    "memorysetup-temp-allocator-size-nav-mesh-worker=65536"
    "memorysetup-temp-allocator-size-audio-worker=65536"
    "memorysetup-temp-allocator-size-cloud-worker=32768"
    "memorysetup-temp-allocator-size-gi-baking-worker=262144"
    "memorysetup-temp-allocator-size-gi-baking-worker=262144"
    "memorysetup-temp-allocator-size-gi-baking-worker=262144"
    "memorysetup-temp-allocator-size-gi-baking-worker=262144"
    "memorysetup-temp-allocator-size-gi-baking-worker=262144"
    "memorysetup-temp-allocator-size-gfx=262144"
Player connection [17600]  Target information:

Player connection [17600]  * "[IP] 192.168.213.6 [Port] 0 [Flags] 2 [Guid] 2455402535 [EditorId] 2455402535 [Version] 1048832 [Id] WindowsEditor(7,Cubicheng) [Debug] 1 [PackageName] WindowsEditor [ProjectName] Editor" 

Player connection [17600] Host joined multi-casting on [225.0.0.222:54997]...
Player connection [17600] Host joined alternative multi-casting on [225.0.0.222:34997]...
JobSystem: Creating JobQueue using job-worker-count value 7
Input System module state changed to: Initialized.
[Physics::Module] Initialized fallback backend.
[Physics::Module] Id: 0xdecafbad
Library Redirect Path: Library/
[Physics::Module] Selected backend.
[Physics::Module] Name: PhysX
[Physics::Module] Id: 0xf2b8ea05
[Physics::Module] SDK Version: 4.1.2
[Physics::Module] Integration Version: 1.0.0
[Physics::Module] Threading Mode: Multi-Threaded
Refreshing native plugins compatible for Editor in 21.48 ms, found 5 plugins.
Preloading 0 native plugins for Editor in 0.00 ms.
Initialize engine version: 6000.0.34f1 (5ab2d9ed9190)
[Subsystems] Discovering subsystems at path C:/Program Files/Unity/Hub/Editor/6000.0.34f1/Editor/Data/Resources/UnitySubsystems
[Subsystems] Discovering subsystems at path D:/UnityProjects/GameAudio101/Assets
GfxDevice: creating device client; kGfxThreadingModeNonThreaded
Direct3D:
    Version:  Direct3D 11.0 [level 11.1]
    Renderer: NVIDIA GeForce RTX 3050 4GB Laptop GPU (ID=0x25ab)
    Vendor:   NVIDIA
    VRAM:     3978 MB
    Driver:   31.0.15.2783
Initialize mono
Mono path[0] = 'C:/Program Files/Unity/Hub/Editor/6000.0.34f1/Editor/Data/Managed'
Mono path[1] = 'C:/Program Files/Unity/Hub/Editor/6000.0.34f1/Editor/Data/MonoBleedingEdge/lib/mono/unityjit-win32'
Mono config path = 'C:/Program Files/Unity/Hub/Editor/6000.0.34f1/Editor/Data/MonoBleedingEdge/etc'
Using monoOptions --debugger-agent=transport=dt_socket,embedding=1,server=y,suspend=n,address=127.0.0.1:56664
Begin MonoManager ReloadAssembly
Registering precompiled unity dll's ...
Register platform support module: C:/Program Files/Unity/Hub/Editor/6000.0.34f1/Editor/Data/PlaybackEngines/WindowsStandaloneSupport/UnityEditor.WindowsStandalone.Extensions.dll
Registered in 0.002916 seconds.
- Loaded All Assemblies, in  0.405 seconds
Native extension for WindowsStandalone target not found
Mono: successfully reloaded assembly
- Finished resetting the current domain, in  0.413 seconds
Domain Reload Profiling: 816ms
	BeginReloadAssembly (152ms)
		ExecutionOrderSort (0ms)
		DisableScriptedObjects (0ms)
		BackupInstance (0ms)
		ReleaseScriptingObjects (0ms)
		CreateAndSetChildDomain (1ms)
	RebuildCommonClasses (41ms)
	RebuildNativeTypeToScriptingClass (10ms)
	initialDomainReloadingComplete (47ms)
	LoadAllAssembliesAndSetupDomain (153ms)
		LoadAssemblies (150ms)
		RebuildTransferFunctionScriptingTraits (0ms)
		AnalyzeDomain (151ms)
			TypeCache.Refresh (149ms)
				TypeCache.ScanAssembly (136ms)
			BuildScriptInfoCaches (0ms)
			ResolveRequiredComponents (1ms)
	FinalizeReload (413ms)
		ReleaseScriptCaches (0ms)
		RebuildScriptCaches (0ms)
		SetupLoadedEditorAssemblies (352ms)
			LogAssemblyErrors (0ms)
			InitializePlatformSupportModulesInManaged (34ms)
			SetLoadedEditorAssemblies (5ms)
			BeforeProcessingInitializeOnLoad (66ms)
			ProcessInitializeOnLoadAttributes (197ms)
			ProcessInitializeOnLoadMethodAttributes (52ms)
			AfterProcessingInitializeOnLoad (0ms)
			EditorAssembliesLoaded (0ms)
		ExecutionOrderSort2 (0ms)
		AwakeInstancesAfterBackupRestoration (0ms)
========================================================================
Worker process is ready to serve import requests
Import Worker Mode flag is 0x00
Begin MonoManager ReloadAssembly
- Loaded All Assemblies, in  1.142 seconds
Refreshing native plugins compatible for Editor in 14.88 ms, found 5 plugins.
Native extension for WindowsStandalone target not found
Refreshing native plugins compatible for Editor in 14.84 ms, found 5 plugins.
The project currently uses the compatibility mode where the Render Graph API is disabled. Support for this mode will be removed in future Unity versions. Migrate existing ScriptableRenderPasses to the new RenderGraph API. After the migration, disable the compatibility mode in Edit > Projects Settings > Graphics > Render Graph.
UnityEngine.Debug:ExtractStackTraceNoAlloc (byte*,int,string)
UnityEngine.StackTraceUtility:ExtractStackTrace ()
UnityEngine.DebugLogHandler:Internal_Log (UnityEngine.LogType,UnityEngine.LogOption,string,UnityEngine.Object)
UnityEngine.DebugLogHandler:LogFormat (UnityEngine.LogType,UnityEngine.Object,string,object[])
UnityEngine.Logger:Log (UnityEngine.LogType,object)
UnityEngine.Debug:LogWarning (object)
UnityEngine.Rendering.Universal.WarnUsingNonRenderGraph:EmitConsoleWarning () (at ./Library/PackageCache/com.unity.render-pipelines.universal/Runtime/Data/UniversalRenderPipelineAsset.cs:427)
System.Reflection.RuntimeMethodInfo:Invoke (object,System.Reflection.BindingFlags,System.Reflection.Binder,object[],System.Globalization.CultureInfo)
System.Reflection.MethodBase:Invoke (object,object[])
UnityEditor.EditorAssemblies:ProcessInitializeOnLoadMethodAttributes ()

(Filename: ./Library/PackageCache/com.unity.render-pipelines.universal/Runtime/Data/UniversalRenderPipelineAsset.cs Line: 427)

Mono: successfully reloaded assembly
- Finished resetting the current domain, in  1.096 seconds
Domain Reload Profiling: 2225ms
	BeginReloadAssembly (202ms)
		ExecutionOrderSort (0ms)
		DisableScriptedObjects (7ms)
		BackupInstance (0ms)
		ReleaseScriptingObjects (0ms)
		CreateAndSetChildDomain (32ms)
	RebuildCommonClasses (38ms)
	RebuildNativeTypeToScriptingClass (10ms)
	initialDomainReloadingComplete (41ms)
	LoadAllAssembliesAndSetupDomain (838ms)
		LoadAssemblies (611ms)
		RebuildTransferFunctionScriptingTraits (0ms)
		AnalyzeDomain (357ms)
			TypeCache.Refresh (254ms)
				TypeCache.ScanAssembly (233ms)
			BuildScriptInfoCaches (85ms)
			ResolveRequiredComponents (15ms)
	FinalizeReload (1096ms)
		ReleaseScriptCaches (0ms)
		RebuildScriptCaches (0ms)
		SetupLoadedEditorAssemblies (935ms)
			LogAssemblyErrors (0ms)
			InitializePlatformSupportModulesInManaged (2ms)
			SetLoadedEditorAssemblies (5ms)
			BeforeProcessingInitializeOnLoad (195ms)
			ProcessInitializeOnLoadAttributes (636ms)
			ProcessInitializeOnLoadMethodAttributes (90ms)
			AfterProcessingInitializeOnLoad (5ms)
			EditorAssembliesLoaded (0ms)
		ExecutionOrderSort2 (0ms)
		AwakeInstancesAfterBackupRestoration (5ms)
Launched and connected shader compiler UnityShaderCompiler.exe after 0.02 seconds
Refreshing native plugins compatible for Editor in 18.54 ms, found 5 plugins.
Preloading 0 native plugins for Editor in 0.00 ms.
Unloading 207 Unused Serialized files (Serialized files now loaded: 0)
Unloading 6605 unused Assets / (3.7 MB). Loaded Objects now: 7235.
Memory consumption went from 167.5 MB to 163.9 MB.
Total: 10.524300 ms (FindLiveObjects: 0.651200 ms CreateObjectMapping: 0.718900 ms MarkObjects: 6.491900 ms  DeleteObjects: 2.660600 ms)

========================================================================
Received Import Request.
  Time since last request: 6278.803070 seconds.
  path: Assets/TextMesh Pro/Shaders/TMP_SDF-Mobile.shader
  artifactKey: Guid(fe393ace9b354375a9cb14cdbbc28be4) Importer(2089858483,192608db42251d675da83286b1cce702)
Start importing Assets/TextMesh Pro/Shaders/TMP_SDF-Mobile.shader using Guid(fe393ace9b354375a9cb14cdbbc28be4) Importer(2089858483,192608db42251d675da83286b1cce702) (ScriptedImporter) -> (artifact id: '38557589c7010e0f9e2097b3a5990682') in 0.2438628 seconds
Number of updated asset objects reloaded before import = 0Number of asset objects unloaded after import = 1

========================================================================
Received Import Request.
  Time since last request: 0.000023 seconds.
  path: Assets/TextMesh Pro/Resources/LineBreaking Following Characters.txt
  artifactKey: Guid(fade42e8bc714b018fac513c043d323b) Importer(2089858483,192608db42251d675da83286b1cce702)
Start importing Assets/TextMesh Pro/Resources/LineBreaking Following Characters.txt using Guid(fade42e8bc714b018fac513c043d323b) Importer(2089858483,192608db42251d675da83286b1cce702) (ScriptedImporter) -> (artifact id: '247ecf3c952f57813089c8f196fedceb') in 0.0144051 seconds
Number of updated asset objects reloaded before import = 0Number of asset objects unloaded after import = 1

========================================================================
Received Import Request.
  Time since last request: 0.000059 seconds.
  path: Assets/StarterAssets/FirstPersonController/Prefabs/PlayerCapsule.prefab
  artifactKey: Guid(c5efc39a8aaf6e64ea40e9ad573e9b47) Importer(2089858483,192608db42251d675da83286b1cce702)
Start importing Assets/StarterAssets/FirstPersonController/Prefabs/PlayerCapsule.prefab using Guid(c5efc39a8aaf6e64ea40e9ad573e9b47) Importer(2089858483,192608db42251d675da83286b1cce702) (ScriptedImporter) -> (artifact id: 'd6721fc23e6375d5df97f20a9e2b28ff') in 0.2914099 seconds
Number of updated asset objects reloaded before import = 0Number of asset objects unloaded after import = 18

========================================================================
Received Import Request.
  Time since last request: 0.000051 seconds.
  path: Assets/Wwise/MonoBehaviour/LICENSE.md
  artifactKey: Guid(fa27bf732fc798a499fb17a971f5f282) Importer(2089858483,192608db42251d675da83286b1cce702)
Start importing Assets/Wwise/MonoBehaviour/LICENSE.md using Guid(fa27bf732fc798a499fb17a971f5f282) Importer(2089858483,192608db42251d675da83286b1cce702) (ScriptedImporter) -> (artifact id: 'b4b21f14efe30a0669b231ce65ab774e') in 0.0147001 seconds
Number of updated asset objects reloaded before import = 0Number of asset objects unloaded after import = 1

========================================================================
Received Import Request.
  Time since last request: 0.000032 seconds.
  path: Assets/StarterAssets/Environment/Prefabs/Structure_Prefab.prefab
  artifactKey: Guid(79e624e6a8770a946afb866fd94b394b) Importer(2089858483,192608db42251d675da83286b1cce702)
Start importing Assets/StarterAssets/Environment/Prefabs/Structure_Prefab.prefab using Guid(79e624e6a8770a946afb866fd94b394b) Importer(2089858483,192608db42251d675da83286b1cce702) (ScriptedImporter) -> (artifact id: 'ee90c134536d56762ba87d58af019ff2') in 0.0378048 seconds
Number of updated asset objects reloaded before import = 0Number of asset objects unloaded after import = 116

========================================================================
Received Import Request.
  Time since last request: 0.000026 seconds.
  path: Assets/StarterAssets/FirstPersonController/Scenes/PlaygroundSettings.lighting
  artifactKey: Guid(027dc98253d80d849acc2271be9bffaf) Importer(2089858483,192608db42251d675da83286b1cce702)
Start importing Assets/StarterAssets/FirstPersonController/Scenes/PlaygroundSettings.lighting using Guid(027dc98253d80d849acc2271be9bffaf) Importer(2089858483,192608db42251d675da83286b1cce702) (ScriptedImporter) -> (artifact id: 'f2d7c262312239bc6d61f4391e2e3b44') in 0.0214225 seconds
Number of updated asset objects reloaded before import = 0Number of asset objects unloaded after import = 1

========================================================================
Received Import Request.
  Time since last request: 0.000020 seconds.
  path: Assets/Wwise/API/README.md
  artifactKey: Guid(21b2ccb50cf7303439d4234fce54bd75) Importer(2089858483,192608db42251d675da83286b1cce702)
Start importing Assets/Wwise/API/README.md using Guid(21b2ccb50cf7303439d4234fce54bd75) Importer(2089858483,192608db42251d675da83286b1cce702) (ScriptedImporter) -> (artifact id: 'a4b96307a2f855f04b113de1c03bbe2f') in 0.014455 seconds
Number of updated asset objects reloaded before import = 0Number of asset objects unloaded after import = 1

========================================================================
Received Import Request.
  Time since last request: 0.000020 seconds.
  path: Assets/Wwise/API/CHANGELOG.md
  artifactKey: Guid(5d4f43f0ba04f7b4c828c74b6bc7b08e) Importer(2089858483,192608db42251d675da83286b1cce702)
Start importing Assets/Wwise/API/CHANGELOG.md using Guid(5d4f43f0ba04f7b4c828c74b6bc7b08e) Importer(2089858483,192608db42251d675da83286b1cce702) (ScriptedImporter) -> (artifact id: '38499975222b8a06d376a2b0d1d5dae0') in 0.0142945 seconds
Number of updated asset objects reloaded before import = 0Number of asset objects unloaded after import = 1

========================================================================
Received Import Request.
  Time since last request: 0.000024 seconds.
  path: Assets/StarterAssets/Mobile/UI/UI_Circle_Bevel_Base.png
  artifactKey: Guid(b74c31d447d2f5d41a61081bdf5e7126) Importer(2089858483,192608db42251d675da83286b1cce702)
Start importing Assets/StarterAssets/Mobile/UI/UI_Circle_Bevel_Base.png using Guid(b74c31d447d2f5d41a61081bdf5e7126) Importer(2089858483,192608db42251d675da83286b1cce702) (ScriptedImporter) -> (artifact id: 'f2d25c31f7113d7e15d6a3044e9a2933') in 0.0548785 seconds
Number of updated asset objects reloaded before import = 0Number of asset objects unloaded after import = 3

========================================================================
Received Import Request.
  Time since last request: 0.000040 seconds.
  path: Assets/StarterAssets/Environment/Scripts/MenuController.cs
  artifactKey: Guid(c859ca124e11d7247b463d333ab92ec9) Importer(2089858483,192608db42251d675da83286b1cce702)
Start importing Assets/StarterAssets/Environment/Scripts/MenuController.cs using Guid(c859ca124e11d7247b463d333ab92ec9) Importer(2089858483,192608db42251d675da83286b1cce702) (ScriptedImporter) -> (artifact id: 'c53b3d13b10a0581024d5eb26783cd41') in 0.0116133 seconds
Number of updated asset objects reloaded before import = 0Number of asset objects unloaded after import = 0

========================================================================
Received Import Request.
  Time since last request: 0.000017 seconds.
  path: Assets/Wwise/API/package.json
  artifactKey: Guid(88804bd4786c80041ad13f4b8d863d58) Importer(2089858483,192608db42251d675da83286b1cce702)
Start importing Assets/Wwise/API/package.json using Guid(88804bd4786c80041ad13f4b8d863d58) Importer(2089858483,192608db42251d675da83286b1cce702) (ScriptedImporter) -> (artifact id: 'b5591be2e4c550676957167b363ea4e8') in 0.0189053 seconds
Number of updated asset objects reloaded before import = 0Number of asset objects unloaded after import = 1

========================================================================
Received Import Request.
  Time since last request: 0.000018 seconds.
  path: Assets/StarterAssets/Settings/High_PipelineAsset_ForwardRenderer.asset
  artifactKey: Guid(3845c0ed313b24e138f25ec5f2faacf0) Importer(2089858483,192608db42251d675da83286b1cce702)
Start importing Assets/StarterAssets/Settings/High_PipelineAsset_ForwardRenderer.asset using Guid(3845c0ed313b24e138f25ec5f2faacf0) Importer(2089858483,192608db42251d675da83286b1cce702) (ScriptedImporter) -> (artifact id: 'fac499b2d44a75754aab7109b3f36888') in 0.0428487 seconds
Number of updated asset objects reloaded before import = 0Number of asset objects unloaded after import = 1

========================================================================
Received Import Request.
  Time since last request: 0.000017 seconds.
  path: Assets/StarterAssets/FirstPersonController/Prefabs/PlayerFollowCamera.prefab
  artifactKey: Guid(9c489a8547f4d9e4387da15a4ff82c81) Importer(2089858483,192608db42251d675da83286b1cce702)
Start importing Assets/StarterAssets/FirstPersonController/Prefabs/PlayerFollowCamera.prefab using Guid(9c489a8547f4d9e4387da15a4ff82c81) Importer(2089858483,192608db42251d675da83286b1cce702) (ScriptedImporter) -> (artifact id: '1b68aa8bf4d3faa24947d693ee7a1809') in 0.0340839 seconds
Number of updated asset objects reloaded before import = 0Number of asset objects unloaded after import = 11

========================================================================
Received Import Request.
  Time since last request: 0.000023 seconds.
  path: Assets/TextMesh Pro/Fonts/LiberationSans.ttf
  artifactKey: Guid(e3265ab4bf004d28a9537516768c1c75) Importer(2089858483,192608db42251d675da83286b1cce702)
Start importing Assets/TextMesh Pro/Fonts/LiberationSans.ttf using Guid(e3265ab4bf004d28a9537516768c1c75) Importer(2089858483,192608db42251d675da83286b1cce702) (ScriptedImporter) -> (artifact id: '9f482776d1258052f92f9c1d74ecb9dd') in 0.0290596 seconds
Number of updated asset objects reloaded before import = 0Number of asset objects unloaded after import = 3

========================================================================
Received Import Request.
  Time since last request: 5.728884 seconds.
  path: Assets/StreamingAssets/Audio/GeneratedSoundBanks/Wwise_IDs.h
  artifactKey: Guid(d5d3d0e22e810d2469956e8dd1e7b8bb) Importer(2089858483,192608db42251d675da83286b1cce702)
Start importing Assets/StreamingAssets/Audio/GeneratedSoundBanks/Wwise_IDs.h using Guid(d5d3d0e22e810d2469956e8dd1e7b8bb) Importer(2089858483,192608db42251d675da83286b1cce702) (ScriptedImporter) -> (artifact id: '9113d3365e6052f5279b263687817519') in 0.209054 seconds
Number of updated asset objects reloaded before import = 0Number of asset objects unloaded after import = 1

========================================================================
Received Import Request.
  Time since last request: 0.000026 seconds.
  path: Assets/Wwise/MonoBehaviour/Runtime/AkTriggerCollisionExit.cs
  artifactKey: Guid(e443a9ee138e42146994002f2b4a5e01) Importer(2089858483,192608db42251d675da83286b1cce702)
Start importing Assets/Wwise/MonoBehaviour/Runtime/AkTriggerCollisionExit.cs using Guid(e443a9ee138e42146994002f2b4a5e01) Importer(2089858483,192608db42251d675da83286b1cce702) (ScriptedImporter) -> (artifact id: '77fd26978ac437b7cc911d738449fc02') in 0.0158272 seconds
Number of updated asset objects reloaded before import = 0Number of asset objects unloaded after import = 0

========================================================================
Received Import Request.
  Time since last request: 0.000040 seconds.
  path: Assets/Wwise/MonoBehaviour/Runtime/AkSurfaceReflector.cs
  artifactKey: Guid(aac28057cc7603d448bdf2883b0c72e4) Importer(2089858483,192608db42251d675da83286b1cce702)
Start importing Assets/Wwise/MonoBehaviour/Runtime/AkSurfaceReflector.cs using Guid(aac28057cc7603d448bdf2883b0c72e4) Importer(2089858483,192608db42251d675da83286b1cce702) (ScriptedImporter) -> (artifact id: '13940a6f72f15bc827fef7b25793f2c8') in 0.015868 seconds
Number of updated asset objects reloaded before import = 0Number of asset objects unloaded after import = 0

========================================================================
Received Import Request.
  Time since last request: 0.000024 seconds.
  path: Assets/Wwise/MonoBehaviour/Runtime/AkRoomAwareManager.cs
  artifactKey: Guid(2e245f67b5aec8843b417d28e1146183) Importer(2089858483,192608db42251d675da83286b1cce702)
Start importing Assets/Wwise/MonoBehaviour/Runtime/AkRoomAwareManager.cs using Guid(2e245f67b5aec8843b417d28e1146183) Importer(2089858483,192608db42251d675da83286b1cce702) (ScriptedImporter) -> (artifact id: '13eec1836aae2761b5df643d3272c086') in 0.0175938 seconds
Number of updated asset objects reloaded before import = 0Number of asset objects unloaded after import = 0

========================================================================
Received Import Request.
  Time since last request: 0.000027 seconds.
  path: Assets/TextMesh Pro/Resources/Fonts & Materials/LiberationSans SDF.asset
  artifactKey: Guid(8f586378b4e144a9851e7b34d9b748ee) Importer(2089858483,192608db42251d675da83286b1cce702)
Start importing Assets/TextMesh Pro/Resources/Fonts & Materials/LiberationSans SDF.asset using Guid(8f586378b4e144a9851e7b34d9b748ee) Importer(2089858483,192608db42251d675da83286b1cce702) (ScriptedImporter) -> (artifact id: '4948b3a7ce45e865ae8324c8450dc8d1') in 0.0604373 seconds
Number of updated asset objects reloaded before import = 0Number of asset objects unloaded after import = 8

========================================================================
Received Import Request.
  Time since last request: 0.000030 seconds.
  path: Assets/TextMesh Pro/Resources/Sprite Assets/EmojiOne.asset
  artifactKey: Guid(c41005c129ba4d66911b75229fd70b45) Importer(2089858483,192608db42251d675da83286b1cce702)
Start importing Assets/TextMesh Pro/Resources/Sprite Assets/EmojiOne.asset using Guid(c41005c129ba4d66911b75229fd70b45) Importer(2089858483,192608db42251d675da83286b1cce702) (ScriptedImporter) -> (artifact id: 'e91ef10aef3443c7bf98fc29751faaa2') in 0.0213155 seconds
Number of updated asset objects reloaded before import = 0Number of asset objects unloaded after import = 3

========================================================================
Received Import Request.
  Time since last request: 0.000045 seconds.
  path: Assets/Wwise/API/Editor/WwiseWindows/AkWwiseEditorSettingsView.cs
  artifactKey: Guid(d97551a0ba4947348985f3ceec26d82e) Importer(2089858483,192608db42251d675da83286b1cce702)
Start importing Assets/Wwise/API/Editor/WwiseWindows/AkWwiseEditorSettingsView.cs using Guid(d97551a0ba4947348985f3ceec26d82e) Importer(2089858483,192608db42251d675da83286b1cce702) (ScriptedImporter) -> (artifact id: '1aee9c32704f1d021e465a92046df3fc') in 0.0182644 seconds
Number of updated asset objects reloaded before import = 0Number of asset objects unloaded after import = 0

========================================================================
Received Import Request.
  Time since last request: 0.000025 seconds.
  path: Assets/Wwise/API/Editor/WwiseWindows/AkWwiseProjectData.cs
  artifactKey: Guid(39fe4fc64720c6b44a62e5e2e7237ca3) Importer(2089858483,192608db42251d675da83286b1cce702)
Start importing Assets/Wwise/API/Editor/WwiseWindows/AkWwiseProjectData.cs using Guid(39fe4fc64720c6b44a62e5e2e7237ca3) Importer(2089858483,192608db42251d675da83286b1cce702) (ScriptedImporter) -> (artifact id: 'ea04eb1cbd9817c106c2848559cf9ca2') in 0.0183432 seconds
Number of updated asset objects reloaded before import = 0Number of asset objects unloaded after import = 0

========================================================================
Received Import Request.
  Time since last request: 0.000021 seconds.
  path: Assets/StarterAssets/Environment/Art/Textures/Grid_01_BaseMap.png
  artifactKey: Guid(d1118dda59970a2449ee890fa247c4c5) Importer(2089858483,192608db42251d675da83286b1cce702)
Start importing Assets/StarterAssets/Environment/Art/Textures/Grid_01_BaseMap.png using Guid(d1118dda59970a2449ee890fa247c4c5) Importer(2089858483,192608db42251d675da83286b1cce702) (ScriptedImporter) -> (artifact id: 'f6f6273dc6ba8ddfe046d0bf92caf77b') in 0.0259319 seconds
Number of updated asset objects reloaded before import = 0Number of asset objects unloaded after import = 1

========================================================================
Received Import Request.
  Time since last request: 0.000019 seconds.
  path: Assets/Wwise/API/Runtime/WwiseTypes/AK.Wwise.Unity.API.WwiseTypes.asmdef
  artifactKey: Guid(76f56743aeb1f22498bd064b5cc4fbae) Importer(2089858483,192608db42251d675da83286b1cce702)
Start importing Assets/Wwise/API/Runtime/WwiseTypes/AK.Wwise.Unity.API.WwiseTypes.asmdef using Guid(76f56743aeb1f22498bd064b5cc4fbae) Importer(2089858483,192608db42251d675da83286b1cce702) (ScriptedImporter) -> (artifact id: 'a790a20421f2079f46bd13820afc3c29') in 0.0169377 seconds
Number of updated asset objects reloaded before import = 0Number of asset objects unloaded after import = 1

========================================================================
Received Import Request.
  Time since last request: 0.000030 seconds.
  path: Assets/Wwise/ScriptableObjects/State/C7BD39FB-7DA2-4122-8A42-7BABF28CE02B.asset
  artifactKey: Guid(4b7427f5707c3924bb771282340c810c) Importer(2089858483,192608db42251d675da83286b1cce702)
Start importing Assets/Wwise/ScriptableObjects/State/C7BD39FB-7DA2-4122-8A42-7BABF28CE02B.asset using Guid(4b7427f5707c3924bb771282340c810c) Importer(2089858483,192608db42251d675da83286b1cce702) (ScriptedImporter) -> (artifact id: '6a52ab5ff5e7e63195c2ac665ff60a12') in 0.0200874 seconds
Number of updated asset objects reloaded before import = 0Number of asset objects unloaded after import = 2

========================================================================
Received Import Request.
  Time since last request: 0.000038 seconds.
  path: Assets/Wwise/MonoBehaviour/Runtime/AkTriggerMouseUp.cs
  artifactKey: Guid(d5243da6c7122fd419120b33fda05116) Importer(2089858483,192608db42251d675da83286b1cce702)
Start importing Assets/Wwise/MonoBehaviour/Runtime/AkTriggerMouseUp.cs using Guid(d5243da6c7122fd419120b33fda05116) Importer(2089858483,192608db42251d675da83286b1cce702) (ScriptedImporter) -> (artifact id: '8c57e580bc23e7e3349c38178010474a') in 0.0149869 seconds
Number of updated asset objects reloaded before import = 0Number of asset objects unloaded after import = 0

========================================================================
Received Import Request.
  Time since last request: 0.000024 seconds.
  path: Assets/Wwise/MonoBehaviour/Runtime/AkRoomManager.cs
  artifactKey: Guid(984b790cec6ef1d43a0678b12479cb3e) Importer(2089858483,192608db42251d675da83286b1cce702)
Start importing Assets/Wwise/MonoBehaviour/Runtime/AkRoomManager.cs using Guid(984b790cec6ef1d43a0678b12479cb3e) Importer(2089858483,192608db42251d675da83286b1cce702) (ScriptedImporter) -> (artifact id: '7e0430a6a61deab7b456a3ced878ccc0') in 0.0157731 seconds
Number of updated asset objects reloaded before import = 0Number of asset objects unloaded after import = 0

========================================================================
Received Import Request.
  Time since last request: 0.000028 seconds.
  path: Assets/Wwise/ScriptableObjects/Event/FC22524B-9541-4729-A8D3-8380107AD6EA.asset
  artifactKey: Guid(fdd733ebb893cf54c84b2b4bc07c3526) Importer(2089858483,192608db42251d675da83286b1cce702)
Start importing Assets/Wwise/ScriptableObjects/Event/FC22524B-9541-4729-A8D3-8380107AD6EA.asset using Guid(fdd733ebb893cf54c84b2b4bc07c3526) Importer(2089858483,192608db42251d675da83286b1cce702) (ScriptedImporter) -> (artifact id: '7edaa7b996332893ba8de30f7362c0b8') in 0.0213785 seconds
Number of updated asset objects reloaded before import = 0Number of asset objects unloaded after import = 1

========================================================================
Received Import Request.
  Time since last request: 0.000019 seconds.
  path: Assets/Wwise/Timeline/Runtime/AkRTPCTrack.cs
  artifactKey: Guid(03e237a43b9dfd4449b9d297f3fba376) Importer(2089858483,192608db42251d675da83286b1cce702)
Start importing Assets/Wwise/Timeline/Runtime/AkRTPCTrack.cs using Guid(03e237a43b9dfd4449b9d297f3fba376) Importer(2089858483,192608db42251d675da83286b1cce702) (ScriptedImporter) -> (artifact id: '5955c3e98398d7341e7fbc8449d5b48f') in 0.0143428 seconds
Number of updated asset objects reloaded before import = 0Number of asset objects unloaded after import = 0

========================================================================
Received Import Request.
  Time since last request: 0.000023 seconds.
  path: Assets/Wwise/API/Editor/WwiseWindows/TreeViewIcons/acoustictexture_nor.png
  artifactKey: Guid(ac9b9bf4c2a0f8f45b5a003644300bce) Importer(2089858483,192608db42251d675da83286b1cce702)
Start importing Assets/Wwise/API/Editor/WwiseWindows/TreeViewIcons/acoustictexture_nor.png using Guid(ac9b9bf4c2a0f8f45b5a003644300bce) Importer(2089858483,192608db42251d675da83286b1cce702) (ScriptedImporter) -> (artifact id: '505c15849b1d5be5eb636cecace42897') in 0.0195326 seconds
Number of updated asset objects reloaded before import = 0Number of asset objects unloaded after import = 1

========================================================================
Received Import Request.
  Time since last request: 0.000044 seconds.
  path: Assets/Wwise/MonoBehaviour/Runtime/AkRadialEmitter.cs
  artifactKey: Guid(75686d20cce951f4085a35c82bcc6373) Importer(2089858483,192608db42251d675da83286b1cce702)
Start importing Assets/Wwise/MonoBehaviour/Runtime/AkRadialEmitter.cs using Guid(75686d20cce951f4085a35c82bcc6373) Importer(2089858483,192608db42251d675da83286b1cce702) (ScriptedImporter) -> (artifact id: '488ac763d2314b913e60253f33ccc69a') in 0.0158287 seconds
Number of updated asset objects reloaded before import = 0Number of asset objects unloaded after import = 0

========================================================================
Received Import Request.
  Time since last request: 0.000023 seconds.
  path: Assets/Wwise/Documentation/AppleCommon/ja/WwiseUnityIntegrationHelp_Mac_ja.chm
  artifactKey: Guid(035acce5cf053b84da4db02a7d438925) Importer(2089858483,192608db42251d675da83286b1cce702)
Start importing Assets/Wwise/Documentation/AppleCommon/ja/WwiseUnityIntegrationHelp_Mac_ja.chm using Guid(035acce5cf053b84da4db02a7d438925) Importer(2089858483,192608db42251d675da83286b1cce702) (ScriptedImporter) -> (artifact id: '87a042025473d1101241a66a76a4ab85') in 0.0122246 seconds
Number of updated asset objects reloaded before import = 0Number of asset objects unloaded after import = 1

========================================================================
Received Import Request.
  Time since last request: 0.269360 seconds.
  path: Assets/Wwise/API/Runtime/Generated/Common/AkAcousticSurface.cs
  artifactKey: Guid(57b895ac2fbed624586983653cb84703) Importer(2089858483,192608db42251d675da83286b1cce702)
Start importing Assets/Wwise/API/Runtime/Generated/Common/AkAcousticSurface.cs using Guid(57b895ac2fbed624586983653cb84703) Importer(2089858483,192608db42251d675da83286b1cce702) (ScriptedImporter) -> (artifact id: '65fd6dd4890e7a79b54c481ba26214f3') in 0.0117445 seconds
Number of updated asset objects reloaded before import = 0Number of asset objects unloaded after import = 0

========================================================================
Received Import Request.
  Time since last request: 0.000025 seconds.
  path: Assets/Wwise/API/Runtime/Generated/Common/AkAudioFormat.cs
  artifactKey: Guid(b435d017ea3a6ab479ee722e0c39424d) Importer(2089858483,192608db42251d675da83286b1cce702)
Start importing Assets/Wwise/API/Runtime/Generated/Common/AkAudioFormat.cs using Guid(b435d017ea3a6ab479ee722e0c39424d) Importer(2089858483,192608db42251d675da83286b1cce702) (ScriptedImporter) -> (artifact id: 'cd0662d800af164170cfdc9b71799c85') in 0.0118637 seconds
Number of updated asset objects reloaded before import = 0Number of asset objects unloaded after import = 0

========================================================================
Received Import Request.
  Time since last request: 0.000032 seconds.
  path: Assets/Wwise/API/Runtime/Generated/Common/AkBehavioralPositioningData.cs
  artifactKey: Guid(a6771d8c08355da44900666c5f4e22bd) Importer(2089858483,192608db42251d675da83286b1cce702)
Start importing Assets/Wwise/API/Runtime/Generated/Common/AkBehavioralPositioningData.cs using Guid(a6771d8c08355da44900666c5f4e22bd) Importer(2089858483,192608db42251d675da83286b1cce702) (ScriptedImporter) -> (artifact id: '24e2753f4327f14b9005cc709ec6098e') in 0.0119276 seconds
Number of updated asset objects reloaded before import = 0Number of asset objects unloaded after import = 0

========================================================================
Received Import Request.
  Time since last request: 0.000026 seconds.
  path: Assets/Wwise/API/Runtime/Generated/Common/AkAudioObjectDestination.cs
  artifactKey: Guid(412b10b43f5a33541a898b2b7dde1396) Importer(2089858483,192608db42251d675da83286b1cce702)
Start importing Assets/Wwise/API/Runtime/Generated/Common/AkAudioObjectDestination.cs using Guid(412b10b43f5a33541a898b2b7dde1396) Importer(2089858483,192608db42251d675da83286b1cce702) (ScriptedImporter) -> (artifact id: 'c865c37c4ec69a75a05ae0367239548e') in 0.0157524 seconds
Number of updated asset objects reloaded before import = 0Number of asset objects unloaded after import = 0

========================================================================
Received Import Request.
  Time since last request: 0.275411 seconds.
  path: Assets/Wwise/API/Runtime/Generated/Common/AkCurveInterpolation.cs
  artifactKey: Guid(3fe6332b73cc5dc44b34f422c0bc34c5) Importer(2089858483,192608db42251d675da83286b1cce702)
Start importing Assets/Wwise/API/Runtime/Generated/Common/AkCurveInterpolation.cs using Guid(3fe6332b73cc5dc44b34f422c0bc34c5) Importer(2089858483,192608db42251d675da83286b1cce702) (ScriptedImporter) -> (artifact id: 'c302907f54d450ae4a7aa9e2e0641ba5') in 0.0197068 seconds
Number of updated asset objects reloaded before import = 0Number of asset objects unloaded after import = 0

========================================================================
Received Import Request.
  Time since last request: 0.000028 seconds.
  path: Assets/Wwise/API/Runtime/Generated/Common/AkExtent.cs
  artifactKey: Guid(6e6b1156a73bfb9418d55eaf366300aa) Importer(2089858483,192608db42251d675da83286b1cce702)
Start importing Assets/Wwise/API/Runtime/Generated/Common/AkExtent.cs using Guid(6e6b1156a73bfb9418d55eaf366300aa) Importer(2089858483,192608db42251d675da83286b1cce702) (ScriptedImporter) -> (artifact id: '01dfbafe0b95799f279d545776e7469c') in 0.0130054 seconds
Number of updated asset objects reloaded before import = 0Number of asset objects unloaded after import = 0

========================================================================
Received Import Request.
  Time since last request: 0.000051 seconds.
  path: Assets/Wwise/API/Runtime/Generated/Common/AkImageSourceParams.cs
  artifactKey: Guid(0a0207a39bb7234458ab07a5ddc9b7d8) Importer(2089858483,192608db42251d675da83286b1cce702)
Start importing Assets/Wwise/API/Runtime/Generated/Common/AkImageSourceParams.cs using Guid(0a0207a39bb7234458ab07a5ddc9b7d8) Importer(2089858483,192608db42251d675da83286b1cce702) (ScriptedImporter) -> (artifact id: '5db412f69b5d0f64220edbd1719c55ff') in 0.0153577 seconds
Number of updated asset objects reloaded before import = 0Number of asset objects unloaded after import = 0

========================================================================
Received Import Request.
  Time since last request: 0.000018 seconds.
  path: Assets/Wwise/API/Runtime/Generated/Common/AkEventCallbackInfo.cs
  artifactKey: Guid(f4bb158f4dfd0aa428f24e4c5c3a0099) Importer(2089858483,192608db42251d675da83286b1cce702)
Start importing Assets/Wwise/API/Runtime/Generated/Common/AkEventCallbackInfo.cs using Guid(f4bb158f4dfd0aa428f24e4c5c3a0099) Importer(2089858483,192608db42251d675da83286b1cce702) (ScriptedImporter) -> (artifact id: '09fbed70be8d8a0d48e9ec4e2a64b6c5') in 0.0145245 seconds
Number of updated asset objects reloaded before import = 0Number of asset objects unloaded after import = 0

========================================================================
Received Import Request.
  Time since last request: 0.259413 seconds.
  path: Assets/Wwise/API/Runtime/Generated/Common/AkMIDICC.cs
  artifactKey: Guid(3291d2d9ec927db48996dc4532254216) Importer(2089858483,192608db42251d675da83286b1cce702)
Start importing Assets/Wwise/API/Runtime/Generated/Common/AkMIDICC.cs using Guid(3291d2d9ec927db48996dc4532254216) Importer(2089858483,192608db42251d675da83286b1cce702) (ScriptedImporter) -> (artifact id: 'd2a0aa607aefbb911064ecc6cf75bc1a') in 0.0164943 seconds
Number of updated asset objects reloaded before import = 0Number of asset objects unloaded after import = 0

========================================================================
Received Import Request.
  Time since last request: 0.000023 seconds.
  path: Assets/Wwise/API/Runtime/Generated/Common/AkMIDIEventCallbackInfo.cs
  artifactKey: Guid(8fdaf4d73f66da04c8b475563d811a99) Importer(2089858483,192608db42251d675da83286b1cce702)
Start importing Assets/Wwise/API/Runtime/Generated/Common/AkMIDIEventCallbackInfo.cs using Guid(8fdaf4d73f66da04c8b475563d811a99) Importer(2089858483,192608db42251d675da83286b1cce702) (ScriptedImporter) -> (artifact id: '51ce5c0052ff7151b0f7711e3a37bfb0') in 0.0175696 seconds
Number of updated asset objects reloaded before import = 0Number of asset objects unloaded after import = 0

========================================================================
Received Import Request.
  Time since last request: 0.000029 seconds.
  path: Assets/Wwise/API/Runtime/Generated/Common/AkMonitorErrorCode.cs
  artifactKey: Guid(1dee88d6f5a1a5a44b6bd10d840f8e54) Importer(2089858483,192608db42251d675da83286b1cce702)
Start importing Assets/Wwise/API/Runtime/Generated/Common/AkMonitorErrorCode.cs using Guid(1dee88d6f5a1a5a44b6bd10d840f8e54) Importer(2089858483,192608db42251d675da83286b1cce702) (ScriptedImporter) -> (artifact id: '770508ac53fd22f457a1ebf7ff6f1624') in 0.0155318 seconds
Number of updated asset objects reloaded before import = 0Number of asset objects unloaded after import = 0

========================================================================
Received Import Request.
  Time since last request: 0.000027 seconds.
  path: Assets/Wwise/API/Runtime/Generated/Common/AkMIDIGen.cs
  artifactKey: Guid(2408db2062fc8cb4ca572fc83acab96f) Importer(2089858483,192608db42251d675da83286b1cce702)
Start importing Assets/Wwise/API/Runtime/Generated/Common/AkMIDIGen.cs using Guid(2408db2062fc8cb4ca572fc83acab96f) Importer(2089858483,192608db42251d675da83286b1cce702) (ScriptedImporter) -> (artifact id: '8028cf480e36622940116736907ca628') in 0.0196886 seconds
Number of updated asset objects reloaded before import = 0Number of asset objects unloaded after import = 0

========================================================================
Received Import Request.
  Time since last request: 0.271802 seconds.
  path: Assets/Wwise/API/Runtime/Generated/Common/AkPlaylistArray.cs
  artifactKey: Guid(92e35204ed80df3459694847661004aa) Importer(2089858483,192608db42251d675da83286b1cce702)
Start importing Assets/Wwise/API/Runtime/Generated/Common/AkPlaylistArray.cs using Guid(92e35204ed80df3459694847661004aa) Importer(2089858483,192608db42251d675da83286b1cce702) (ScriptedImporter) -> (artifact id: '0a813a644310597d8a2cb6e51d682b56') in 0.0153233 seconds
Number of updated asset objects reloaded before import = 0Number of asset objects unloaded after import = 0

========================================================================
Received Import Request.
  Time since last request: 0.000021 seconds.
  path: Assets/Wwise/API/Runtime/Generated/Common/AkPositioningData.cs
  artifactKey: Guid(bdcc1cce18596754ead5b211fc30071a) Importer(2089858483,192608db42251d675da83286b1cce702)
Start importing Assets/Wwise/API/Runtime/Generated/Common/AkPositioningData.cs using Guid(bdcc1cce18596754ead5b211fc30071a) Importer(2089858483,192608db42251d675da83286b1cce702) (ScriptedImporter) -> (artifact id: '98172cc18857600780fe19d953061649') in 0.0111758 seconds
Number of updated asset objects reloaded before import = 0Number of asset objects unloaded after import = 0

========================================================================
Received Import Request.
  Time since last request: 0.000032 seconds.
  path: Assets/Wwise/API/Runtime/Generated/Common/AkStdMovePolicy.cs
  artifactKey: Guid(d37f12fddaff8014e9a5e21d91effdc8) Importer(2089858483,192608db42251d675da83286b1cce702)
Start importing Assets/Wwise/API/Runtime/Generated/Common/AkStdMovePolicy.cs using Guid(d37f12fddaff8014e9a5e21d91effdc8) Importer(2089858483,192608db42251d675da83286b1cce702) (ScriptedImporter) -> (artifact id: 'e85c7fbd7a902c20d035d2ba7bd0a870') in 0.0139485 seconds
Number of updated asset objects reloaded before import = 0Number of asset objects unloaded after import = 0

========================================================================
Received Import Request.
  Time since last request: 0.000024 seconds.
  path: Assets/Wwise/API/Runtime/Generated/Common/AKRESULT.cs
  artifactKey: Guid(3ad09734881657f4cbca9822bdf12476) Importer(2089858483,192608db42251d675da83286b1cce702)
Start importing Assets/Wwise/API/Runtime/Generated/Common/AKRESULT.cs using Guid(3ad09734881657f4cbca9822bdf12476) Importer(2089858483,192608db42251d675da83286b1cce702) (ScriptedImporter) -> (artifact id: '916593472f5c5e3570285a013bef26cf') in 0.0139332 seconds
Number of updated asset objects reloaded before import = 0Number of asset objects unloaded after import = 0

========================================================================
Received Import Request.
  Time since last request: 1.050013 seconds.
  path: Assets/Wwise/API/Runtime/Generated/Common/AkTrivialStdMovePolicy.cs
  artifactKey: Guid(a778abd5741825f43a6a2c9f6ff858ff) Importer(2089858483,192608db42251d675da83286b1cce702)
Start importing Assets/Wwise/API/Runtime/Generated/Common/AkTrivialStdMovePolicy.cs using Guid(a778abd5741825f43a6a2c9f6ff858ff) Importer(2089858483,192608db42251d675da83286b1cce702) (ScriptedImporter) -> (artifact id: 'c7c3b33aa739a1fb14dfb2c13baf80db') in 0.0165799 seconds
Number of updated asset objects reloaded before import = 0Number of asset objects unloaded after import = 0

========================================================================
Received Import Request.
  Time since last request: 0.000018 seconds.
  path: Assets/Wwise/API/Runtime/Handwritten/Common/AkBasePathGetter.cs
  artifactKey: Guid(ffb7b4802ebc8d84c98a3b5339a2097f) Importer(2089858483,192608db42251d675da83286b1cce702)
Start importing Assets/Wwise/API/Runtime/Handwritten/Common/AkBasePathGetter.cs using Guid(ffb7b4802ebc8d84c98a3b5339a2097f) Importer(2089858483,192608db42251d675da83286b1cce702) (ScriptedImporter) -> (artifact id: 'd7a5a03ecb52242f633ba51fc74974dd') in 0.0130962 seconds
Number of updated asset objects reloaded before import = 0Number of asset objects unloaded after import = 0

========================================================================
Received Import Request.
  Time since last request: 0.000037 seconds.
  path: Assets/Wwise/API/Runtime/Generated/Mac/AkUnitySoundEngine_Mac.cs
  artifactKey: Guid(9999bc241d8521b4ca9e1e4598318175) Importer(2089858483,192608db42251d675da83286b1cce702)
Start importing Assets/Wwise/API/Runtime/Generated/Mac/AkUnitySoundEngine_Mac.cs using Guid(9999bc241d8521b4ca9e1e4598318175) Importer(2089858483,192608db42251d675da83286b1cce702) (ScriptedImporter) -> (artifact id: '3cbb150a8b943f15fbaf167fd8678f61') in 0.014392 seconds
Number of updated asset objects reloaded before import = 0Number of asset objects unloaded after import = 0

========================================================================
Received Import Request.
  Time since last request: 0.000024 seconds.
  path: Assets/Wwise/API/Runtime/Handwritten/Common/AkBankManager.cs
  artifactKey: Guid(e425440ad4fd7df4a8ea0e16d74b05e0) Importer(2089858483,192608db42251d675da83286b1cce702)
Start importing Assets/Wwise/API/Runtime/Handwritten/Common/AkBankManager.cs using Guid(e425440ad4fd7df4a8ea0e16d74b05e0) Importer(2089858483,192608db42251d675da83286b1cce702) (ScriptedImporter) -> (artifact id: '31009efaea687a36d7b8c78dc4da7174') in 0.0158381 seconds
Number of updated asset objects reloaded before import = 0Number of asset objects unloaded after import = 0

========================================================================
Received Import Request.
  Time since last request: 0.250813 seconds.
  path: Assets/Wwise/API/Runtime/Handwritten/Common/AkUnitySoundEngineInitialization.cs
  artifactKey: Guid(e5cb46be894417541b439422f20963a7) Importer(2089858483,192608db42251d675da83286b1cce702)
Start importing Assets/Wwise/API/Runtime/Handwritten/Common/AkUnitySoundEngineInitialization.cs using Guid(e5cb46be894417541b439422f20963a7) Importer(2089858483,192608db42251d675da83286b1cce702) (ScriptedImporter) -> (artifact id: '4eb9d93683bce989369ca5b07a20f256') in 0.0172693 seconds
Number of updated asset objects reloaded before import = 0Number of asset objects unloaded after import = 0

========================================================================
Received Import Request.
  Time since last request: 0.000026 seconds.
  path: Assets/Wwise/API/Runtime/Handwritten/Common/AkWwiseInitializationSettings.cs
  artifactKey: Guid(a458119eeb2ec6741a045a1c19eed04f) Importer(2089858483,192608db42251d675da83286b1cce702)
Start importing Assets/Wwise/API/Runtime/Handwritten/Common/AkWwiseInitializationSettings.cs using Guid(a458119eeb2ec6741a045a1c19eed04f) Importer(2089858483,192608db42251d675da83286b1cce702) (ScriptedImporter) -> (artifact id: '0393aad480d439432b165d9d63a6acd1') in 0.0160845 seconds
Number of updated asset objects reloaded before import = 0Number of asset objects unloaded after import = 0

========================================================================
Received Import Request.
  Time since last request: 0.000032 seconds.
  path: Assets/Wwise/API/Runtime/Handwritten/WAAPI/AkWaapiClient.cs
  artifactKey: Guid(90543950e9fe6bc4a86aaf7ae73fd13e) Importer(2089858483,192608db42251d675da83286b1cce702)
Start importing Assets/Wwise/API/Runtime/Handwritten/WAAPI/AkWaapiClient.cs using Guid(90543950e9fe6bc4a86aaf7ae73fd13e) Importer(2089858483,192608db42251d675da83286b1cce702) (ScriptedImporter) -> (artifact id: 'be22e504e35c6cb898b747ad56e35428') in 0.0157484 seconds
Number of updated asset objects reloaded before import = 0Number of asset objects unloaded after import = 0

========================================================================
Received Import Request.
  Time since last request: 0.000019 seconds.
  path: Assets/Wwise/API/Runtime/Handwritten/Common/AkWwiseEditorSettings.cs
  artifactKey: Guid(59e40186b204b4d4a8f0e1697cfb1cc8) Importer(2089858483,192608db42251d675da83286b1cce702)
Start importing Assets/Wwise/API/Runtime/Handwritten/Common/AkWwiseEditorSettings.cs using Guid(59e40186b204b4d4a8f0e1697cfb1cc8) Importer(2089858483,192608db42251d675da83286b1cce702) (ScriptedImporter) -> (artifact id: '2487c8613f542c61c3403a15a36919e4') in 0.0168811 seconds
Number of updated asset objects reloaded before import = 0Number of asset objects unloaded after import = 0

========================================================================
Received Import Request.
  Time since last request: 0.235084 seconds.
  path: Assets/Wwise/API/Runtime/WwiseTypes/WwiseObjects/WwiseObjectType.cs
  artifactKey: Guid(59ff7f83e98ecac41839383881c6883d) Importer(2089858483,192608db42251d675da83286b1cce702)
Start importing Assets/Wwise/API/Runtime/WwiseTypes/WwiseObjects/WwiseObjectType.cs using Guid(59ff7f83e98ecac41839383881c6883d) Importer(2089858483,192608db42251d675da83286b1cce702) (ScriptedImporter) -> (artifact id: 'fa22c86b7e1a819d5dc41b3ce5b93fdf') in 0.0169012 seconds
Number of updated asset objects reloaded before import = 0Number of asset objects unloaded after import = 0

========================================================================
Received Import Request.
  Time since last request: 0.000089 seconds.
  path: Assets/Wwise/API/Runtime/WwiseTypes/WwiseObjects/WwiseStateReference.cs
  artifactKey: Guid(38e13c3df95e63346859728636a68cb9) Importer(2089858483,192608db42251d675da83286b1cce702)
Start importing Assets/Wwise/API/Runtime/WwiseTypes/WwiseObjects/WwiseStateReference.cs using Guid(38e13c3df95e63346859728636a68cb9) Importer(2089858483,192608db42251d675da83286b1cce702) (ScriptedImporter) -> (artifact id: '5c594408db5224bf8fb04725e5c22770') in 0.0237811 seconds
Number of updated asset objects reloaded before import = 0Number of asset objects unloaded after import = 0

========================================================================
Received Import Request.
  Time since last request: 0.000030 seconds.
  path: Assets/Wwise/API/Runtime/WwiseTypes/WwiseTypes/AkWwiseBaseGroupType.cs
  artifactKey: Guid(832014da9fd019743b5e043bd2c6c5b2) Importer(2089858483,192608db42251d675da83286b1cce702)
Start importing Assets/Wwise/API/Runtime/WwiseTypes/WwiseTypes/AkWwiseBaseGroupType.cs using Guid(832014da9fd019743b5e043bd2c6c5b2) Importer(2089858483,192608db42251d675da83286b1cce702) (ScriptedImporter) -> (artifact id: 'ace027583f89da6703f0a8593209f973') in 0.0140251 seconds
Number of updated asset objects reloaded before import = 0Number of asset objects unloaded after import = 0

========================================================================
Received Import Request.
  Time since last request: 0.000070 seconds.
  path: Assets/Wwise/API/Runtime/WwiseTypes/WwiseObjects/WwiseStateGroupReference.cs
  artifactKey: Guid(645c64d5174140d4f8b901bcfcc768d5) Importer(2089858483,192608db42251d675da83286b1cce702)
Start importing Assets/Wwise/API/Runtime/WwiseTypes/WwiseObjects/WwiseStateGroupReference.cs using Guid(645c64d5174140d4f8b901bcfcc768d5) Importer(2089858483,192608db42251d675da83286b1cce702) (ScriptedImporter) -> (artifact id: 'cda832ac7bbe25152f085762de03c876') in 0.0171863 seconds
Number of updated asset objects reloaded before import = 0Number of asset objects unloaded after import = 0

========================================================================
Received Import Request.
  Time since last request: 0.192712 seconds.
  path: Assets/Wwise/ProjectDatabase/Runtime/Handwritten/Common/WwiseAuxBusRef.cs
  artifactKey: Guid(f5dae23d282b7024da0cc115c301b79d) Importer(2089858483,192608db42251d675da83286b1cce702)
Start importing Assets/Wwise/ProjectDatabase/Runtime/Handwritten/Common/WwiseAuxBusRef.cs using Guid(f5dae23d282b7024da0cc115c301b79d) Importer(2089858483,192608db42251d675da83286b1cce702) (ScriptedImporter) -> (artifact id: 'b975e04a0d11b37303847964a4443c99') in 0.0174757 seconds
Number of updated asset objects reloaded before import = 0Number of asset objects unloaded after import = 0

========================================================================
Received Import Request.
  Time since last request: 0.000047 seconds.
  path: Assets/Wwise/ProjectDatabase/Runtime/Handwritten/Common/WwisePluginRefArray.cs
  artifactKey: Guid(f2499d1a47e007d429b99a94ca59d0d2) Importer(2089858483,192608db42251d675da83286b1cce702)
Start importing Assets/Wwise/ProjectDatabase/Runtime/Handwritten/Common/WwisePluginRefArray.cs using Guid(f2499d1a47e007d429b99a94ca59d0d2) Importer(2089858483,192608db42251d675da83286b1cce702) (ScriptedImporter) -> (artifact id: '89d38c30485311cff3e671d6375bd82a') in 0.0178306 seconds
Number of updated asset objects reloaded before import = 0Number of asset objects unloaded after import = 0

========================================================================
Received Import Request.
  Time since last request: 0.000028 seconds.
  path: Assets/Wwise/ProjectDatabase/Runtime/Handwritten/Common/WwiseGameParameterRef.cs
  artifactKey: Guid(1c91391b3a8ece048a494cdf0534f9c3) Importer(2089858483,192608db42251d675da83286b1cce702)
Start importing Assets/Wwise/ProjectDatabase/Runtime/Handwritten/Common/WwiseGameParameterRef.cs using Guid(1c91391b3a8ece048a494cdf0534f9c3) Importer(2089858483,192608db42251d675da83286b1cce702) (ScriptedImporter) -> (artifact id: '242b8367ee60970b6cd7e9aef532b0d1') in 0.0324858 seconds
Number of updated asset objects reloaded before import = 0Number of asset objects unloaded after import = 0

========================================================================
Received Import Request.
  Time since last request: 0.000049 seconds.
  path: Assets/Wwise/ProjectDatabase/Runtime/Handwritten/Common/WwiseEventRef.cs
  artifactKey: Guid(5bae9a330f4f89d4a988f4727400610c) Importer(2089858483,192608db42251d675da83286b1cce702)
Start importing Assets/Wwise/ProjectDatabase/Runtime/Handwritten/Common/WwiseEventRef.cs using Guid(5bae9a330f4f89d4a988f4727400610c) Importer(2089858483,192608db42251d675da83286b1cce702) (ScriptedImporter) -> (artifact id: 'c601f2267bb439fd0b5e4c8300e92985') in 0.0215196 seconds
Number of updated asset objects reloaded before import = 0Number of asset objects unloaded after import = 0

========================================================================
Received Import Request.
  Time since last request: 0.116834 seconds.
  path: Assets/Wwise/API/Runtime/Handwritten/Common/Arrays/AkAcousticSurfaceArray.cs
  artifactKey: Guid(fccb51f91f97015488727c4626b4987a) Importer(2089858483,192608db42251d675da83286b1cce702)
Start importing Assets/Wwise/API/Runtime/Handwritten/Common/Arrays/AkAcousticSurfaceArray.cs using Guid(fccb51f91f97015488727c4626b4987a) Importer(2089858483,192608db42251d675da83286b1cce702) (ScriptedImporter) -> (artifact id: 'cde5f3e7aad5e3efe0005e59530a9b3a') in 0.0176983 seconds
Number of updated asset objects reloaded before import = 0Number of asset objects unloaded after import = 0

========================================================================
Received Import Request.
  Time since last request: 0.000024 seconds.
  path: Assets/Wwise/API/Runtime/Handwritten/Common/Arrays/AkSourceSettingsArray.cs
  artifactKey: Guid(89f91b79efee6e045a06f594d15aea97) Importer(2089858483,192608db42251d675da83286b1cce702)
Start importing Assets/Wwise/API/Runtime/Handwritten/Common/Arrays/AkSourceSettingsArray.cs using Guid(89f91b79efee6e045a06f594d15aea97) Importer(2089858483,192608db42251d675da83286b1cce702) (ScriptedImporter) -> (artifact id: '5c151e5dcb771aedfa9cad33551f6650') in 0.0265239 seconds
Number of updated asset objects reloaded before import = 0Number of asset objects unloaded after import = 0

========================================================================
Received Import Request.
  Time since last request: 0.000023 seconds.
  path: Assets/Wwise/API/Runtime/Handwritten/Common/Arrays/AkExternalSourceInfoArray.cs
  artifactKey: Guid(d649e417a7b8eac4e91ea535f4e28039) Importer(2089858483,192608db42251d675da83286b1cce702)
Start importing Assets/Wwise/API/Runtime/Handwritten/Common/Arrays/AkExternalSourceInfoArray.cs using Guid(d649e417a7b8eac4e91ea535f4e28039) Importer(2089858483,192608db42251d675da83286b1cce702) (ScriptedImporter) -> (artifact id: 'cecc1c21cf1d79815ae3ec1389fbb52a') in 0.0189868 seconds
Number of updated asset objects reloaded before import = 0Number of asset objects unloaded after import = 0

========================================================================
Received Import Request.
  Time since last request: 0.000044 seconds.
  path: Assets/Wwise/API/Runtime/Handwritten/Common/Arrays/AkObjectInfoArray.cs
  artifactKey: Guid(3c91b254bd1562f4ba26822a19897032) Importer(2089858483,192608db42251d675da83286b1cce702)
Start importing Assets/Wwise/API/Runtime/Handwritten/Common/Arrays/AkObjectInfoArray.cs using Guid(3c91b254bd1562f4ba26822a19897032) Importer(2089858483,192608db42251d675da83286b1cce702) (ScriptedImporter) -> (artifact id: '9005db83d8c59c72e5cefc93a89837fb') in 0.0295299 seconds
Number of updated asset objects reloaded before import = 0Number of asset objects unloaded after import = 0

========================================================================
Received Import Request.
  Time since last request: 0.045943 seconds.
  path: Assets/Wwise/API/Runtime/Plugins/Windows/x86/Debug/AkUnitySoundEngine.dll
  artifactKey: Guid(327ad5d1d59894842848138f29381b63) Importer(2089858483,192608db42251d675da83286b1cce702)
Start importing Assets/Wwise/API/Runtime/Plugins/Windows/x86/Debug/AkUnitySoundEngine.dll using Guid(327ad5d1d59894842848138f29381b63) Importer(2089858483,192608db42251d675da83286b1cce702) (ScriptedImporter) -> (artifact id: 'dd792edfe0dfad66c5480c778250edc5') in 0.0254523 seconds
Number of updated asset objects reloaded before import = 0Number of asset objects unloaded after import = 0

========================================================================
Received Import Request.
  Time since last request: 0.000027 seconds.
  path: Assets/Wwise/API/Runtime/Plugins/Windows/x86/DSP/AkMotion.dll
  artifactKey: Guid(92984d70804348841a2148c83f5648cd) Importer(2089858483,192608db42251d675da83286b1cce702)
Start importing Assets/Wwise/API/Runtime/Plugins/Windows/x86/DSP/AkMotion.dll using Guid(92984d70804348841a2148c83f5648cd) Importer(2089858483,192608db42251d675da83286b1cce702) (ScriptedImporter) -> (artifact id: 'd0f948ef6eea55590d4fbcbe11667719') in 0.0188717 seconds
Number of updated asset objects reloaded before import = 0Number of asset objects unloaded after import = 0

========================================================================
Received Import Request.
  Time since last request: 0.000046 seconds.
  path: Assets/Wwise/API/Runtime/Plugins/Windows/x86/DSP/Auro.pdb
  artifactKey: Guid(01f8393699ac7794cab168aa12ed19cc) Importer(2089858483,192608db42251d675da83286b1cce702)
Start importing Assets/Wwise/API/Runtime/Plugins/Windows/x86/DSP/Auro.pdb using Guid(01f8393699ac7794cab168aa12ed19cc) Importer(2089858483,192608db42251d675da83286b1cce702) (ScriptedImporter) -> (artifact id: '7dbe1a8cb5be2e5c6da2d352d37a94ed') in 0.0173101 seconds
Number of updated asset objects reloaded before import = 0Number of asset objects unloaded after import = 1

========================================================================
Received Import Request.
  Time since last request: 0.000026 seconds.
  path: Assets/Wwise/API/Runtime/Plugins/Windows/x86/DSP/AkSoundSeedGrain.pdb
  artifactKey: Guid(291a57c01b807a74cb0d5f7bdd07ca25) Importer(2089858483,192608db42251d675da83286b1cce702)
Start importing Assets/Wwise/API/Runtime/Plugins/Windows/x86/DSP/AkSoundSeedGrain.pdb using Guid(291a57c01b807a74cb0d5f7bdd07ca25) Importer(2089858483,192608db42251d675da83286b1cce702) (ScriptedImporter) -> (artifact id: 'dd7896d587e56098ce36b7bbd775f3e6') in 0.0303333 seconds
Number of updated asset objects reloaded before import = 0Number of asset objects unloaded after import = 1

========================================================================
Received Import Request.
  Time since last request: 0.068709 seconds.
  path: Assets/Wwise/API/Runtime/Plugins/Windows/x86/Profile/AkUnitySoundEngine.pdb
  artifactKey: Guid(7ce44ad028ece2145b1d73987fa31a1c) Importer(2089858483,192608db42251d675da83286b1cce702)
Start importing Assets/Wwise/API/Runtime/Plugins/Windows/x86/Profile/AkUnitySoundEngine.pdb using Guid(7ce44ad028ece2145b1d73987fa31a1c) Importer(2089858483,192608db42251d675da83286b1cce702) (ScriptedImporter) -> (artifact id: '00fcdda591b7849c4c309bd3c1b5a594') in 0.0176445 seconds
Number of updated asset objects reloaded before import = 0Number of asset objects unloaded after import = 1

========================================================================
Received Import Request.
  Time since last request: 0.000028 seconds.
  path: Assets/Wwise/API/Runtime/Plugins/Windows/x86_64/DSP/AkMotion.dll
  artifactKey: Guid(5336ac9a35d75c74584ee82bbfae914e) Importer(2089858483,192608db42251d675da83286b1cce702)
Start importing Assets/Wwise/API/Runtime/Plugins/Windows/x86_64/DSP/AkMotion.dll using Guid(5336ac9a35d75c74584ee82bbfae914e) Importer(2089858483,192608db42251d675da83286b1cce702) (ScriptedImporter) -> (artifact id: '40839779ba87b15f6cc6a258ee6cddeb') in 0.0260443 seconds
Number of updated asset objects reloaded before import = 0Number of asset objects unloaded after import = 0

========================================================================
Received Import Request.
  Time since last request: 0.000028 seconds.
  path: Assets/Wwise/API/Runtime/Plugins/Windows/x86_64/DSP/AkSoundSeedGrain.dll
  artifactKey: Guid(77f7e04f8bf7a3a489b392b0b6a27d58) Importer(2089858483,192608db42251d675da83286b1cce702)
Start importing Assets/Wwise/API/Runtime/Plugins/Windows/x86_64/DSP/AkSoundSeedGrain.dll using Guid(77f7e04f8bf7a3a489b392b0b6a27d58) Importer(2089858483,192608db42251d675da83286b1cce702) (ScriptedImporter) -> (artifact id: '98850c0d32ffe22f6a8b44dab2350fd0') in 0.0197132 seconds
Number of updated asset objects reloaded before import = 0Number of asset objects unloaded after import = 0

========================================================================
Received Import Request.
  Time since last request: 0.000036 seconds.
  path: Assets/Wwise/API/Runtime/Plugins/Windows/x86_64/DSP/AkSoundEngineDLL.pdb
  artifactKey: Guid(e25eb1d499d2ab641bd076e747a9566f) Importer(2089858483,192608db42251d675da83286b1cce702)
Start importing Assets/Wwise/API/Runtime/Plugins/Windows/x86_64/DSP/AkSoundEngineDLL.pdb using Guid(e25eb1d499d2ab641bd076e747a9566f) Importer(2089858483,192608db42251d675da83286b1cce702) (ScriptedImporter) -> (artifact id: '52d3636e48d666e7c58d33c9b6552b0b') in 0.015119 seconds
Number of updated asset objects reloaded before import = 0Number of asset objects unloaded after import = 1

========================================================================
Received Import Request.
  Time since last request: 0.119553 seconds.
  path: Assets/Wwise/API/Runtime/Plugins/Windows/x86_64/DSP/McDSP.dll
  artifactKey: Guid(81c33e0e1c3c2484092ab587156fb23a) Importer(2089858483,192608db42251d675da83286b1cce702)
Start importing Assets/Wwise/API/Runtime/Plugins/Windows/x86_64/DSP/McDSP.dll using Guid(81c33e0e1c3c2484092ab587156fb23a) Importer(2089858483,192608db42251d675da83286b1cce702) (ScriptedImporter) -> (artifact id: '7e97739370256f9f8936623a60a4c0ce') in 0.0273949 seconds
Number of updated asset objects reloaded before import = 0Number of asset objects unloaded after import = 0

========================================================================
Received Import Request.
  Time since last request: 0.000018 seconds.
  path: Assets/Wwise/API/Runtime/Plugins/Windows/x86_64/Release/AkUnitySoundEngine.dll
  artifactKey: Guid(b4c50f190b196664482d2f960495384b) Importer(2089858483,192608db42251d675da83286b1cce702)
Start importing Assets/Wwise/API/Runtime/Plugins/Windows/x86_64/Release/AkUnitySoundEngine.dll using Guid(b4c50f190b196664482d2f960495384b) Importer(2089858483,192608db42251d675da83286b1cce702) (ScriptedImporter) -> (artifact id: 'ec245362c4c3e7040fd6c9be963e8200') in 0.0234812 seconds
Number of updated asset objects reloaded before import = 0Number of asset objects unloaded after import = 0

========================================================================
Received Import Request.
  Time since last request: 0.000029 seconds.
  path: Assets/Wwise/API/Runtime/Plugins/Mac/Release/AkUnitySoundEngine.bundle.dSYM/Contents/Info.plist
  artifactKey: Guid(31292832445785945996c3d2d7aac0f7) Importer(2089858483,192608db42251d675da83286b1cce702)
Start importing Assets/Wwise/API/Runtime/Plugins/Mac/Release/AkUnitySoundEngine.bundle.dSYM/Contents/Info.plist using Guid(31292832445785945996c3d2d7aac0f7) Importer(2089858483,192608db42251d675da83286b1cce702) (ScriptedImporter) -> (artifact id: 'f6d9897eb72c4995bb3fba8fdb5f57d4') in 0.0162365 seconds
Number of updated asset objects reloaded before import = 0Number of asset objects unloaded after import = 1

========================================================================
Received Import Request.
  Time since last request: 0.000034 seconds.
  path: Assets/Wwise/API/Runtime/Plugins/Mac/Debug/AkUnitySoundEngine.bundle.dSYM/Contents/Resources/Relocations/x86_64/AkUnitySoundEngine.yml
  artifactKey: Guid(1db4b9018015fb94f9d585708abe387d) Importer(2089858483,192608db42251d675da83286b1cce702)
Start importing Assets/Wwise/API/Runtime/Plugins/Mac/Debug/AkUnitySoundEngine.bundle.dSYM/Contents/Resources/Relocations/x86_64/AkUnitySoundEngine.yml using Guid(1db4b9018015fb94f9d585708abe387d) Importer(2089858483,192608db42251d675da83286b1cce702) (ScriptedImporter) -> (artifact id: '7b26d34dce868dad82243912be5f6633') in 0.0183489 seconds
Number of updated asset objects reloaded before import = 0Number of asset objects unloaded after import = 1

========================================================================
Received Import Request.
  Time since last request: 2.127801 seconds.
  path: Assets/Wwise/MonoBehaviour/Editor/AkEnvironmentInspector.cs
  artifactKey: Guid(7f2da38eeca07754593afc9c97ecbada) Importer(2089858483,192608db42251d675da83286b1cce702)
Start importing Assets/Wwise/MonoBehaviour/Editor/AkEnvironmentInspector.cs using Guid(7f2da38eeca07754593afc9c97ecbada) Importer(2089858483,192608db42251d675da83286b1cce702) (ScriptedImporter) -> (artifact id: 'ee064fd33705fceb632ef70d9db36bea') in 0.0195896 seconds
Number of updated asset objects reloaded before import = 0Number of asset objects unloaded after import = 0

========================================================================
Received Import Request.
  Time since last request: 0.000033 seconds.
  path: Assets/Wwise/MonoBehaviour/Runtime/AK.Wwise.Unity.MonoBehaviour.asmdef
  artifactKey: Guid(1eb31724afdd0584ea4f80628b7879d2) Importer(2089858483,192608db42251d675da83286b1cce702)
Start importing Assets/Wwise/MonoBehaviour/Runtime/AK.Wwise.Unity.MonoBehaviour.asmdef using Guid(1eb31724afdd0584ea4f80628b7879d2) Importer(2089858483,192608db42251d675da83286b1cce702) (ScriptedImporter) -> (artifact id: '7d6c0a1ff2b07325917b8b1103f02d1c') in 0.0188749 seconds
Number of updated asset objects reloaded before import = 0Number of asset objects unloaded after import = 1

========================================================================
Received Import Request.
  Time since last request: 0.000033 seconds.
  path: Assets/Wwise/MonoBehaviour/Runtime/AkSpatialAudioEmitter.cs
  artifactKey: Guid(e3e3f9b947cc1d141b8a7ec936c6796a) Importer(2089858483,192608db42251d675da83286b1cce702)
Start importing Assets/Wwise/MonoBehaviour/Runtime/AkSpatialAudioEmitter.cs using Guid(e3e3f9b947cc1d141b8a7ec936c6796a) Importer(2089858483,192608db42251d675da83286b1cce702) (ScriptedImporter) -> (artifact id: 'aef49911d654a189cf5cbe45b7188026') in 0.018358 seconds
Number of updated asset objects reloaded before import = 0Number of asset objects unloaded after import = 0

========================================================================
Received Import Request.
  Time since last request: 0.000036 seconds.
  path: Assets/Wwise/MonoBehaviour/Editor/AkUnityEventHandlerInspector.cs
  artifactKey: Guid(147ad4e16fd5f374f9ad656b340df84d) Importer(2089858483,192608db42251d675da83286b1cce702)
Start importing Assets/Wwise/MonoBehaviour/Editor/AkUnityEventHandlerInspector.cs using Guid(147ad4e16fd5f374f9ad656b340df84d) Importer(2089858483,192608db42251d675da83286b1cce702) (ScriptedImporter) -> (artifact id: '08e13ff2bccb050e25edbc3515897e33') in 0.0168618 seconds
Number of updated asset objects reloaded before import = 0Number of asset objects unloaded after import = 0

========================================================================
Received Import Request.
  Time since last request: 0.000023 seconds.
  path: Assets/Wwise/MonoBehaviour/Runtime/AkTriggerCollisionEnter.cs
  artifactKey: Guid(7830f7842dd7fd64181638508da69d4d) Importer(2089858483,192608db42251d675da83286b1cce702)
Start importing Assets/Wwise/MonoBehaviour/Runtime/AkTriggerCollisionEnter.cs using Guid(7830f7842dd7fd64181638508da69d4d) Importer(2089858483,192608db42251d675da83286b1cce702) (ScriptedImporter) -> (artifact id: '5d0520161e439916de696ba43f010f95') in 0.0151369 seconds
Number of updated asset objects reloaded before import = 0Number of asset objects unloaded after import = 0

========================================================================
Received Import Request.
  Time since last request: 0.000021 seconds.
  path: Assets/Wwise/MonoBehaviour/Runtime/AkTriggerMouseDown.cs
  artifactKey: Guid(b20ea440a7aff234dbf92b323fe0699d) Importer(2089858483,192608db42251d675da83286b1cce702)
Start importing Assets/Wwise/MonoBehaviour/Runtime/AkTriggerMouseDown.cs using Guid(b20ea440a7aff234dbf92b323fe0699d) Importer(2089858483,192608db42251d675da83286b1cce702) (ScriptedImporter) -> (artifact id: '541d553931e8218eb6b179b79fbcba85') in 0.0184644 seconds
Number of updated asset objects reloaded before import = 0Number of asset objects unloaded after import = 0

========================================================================
Received Import Request.
  Time since last request: 0.000027 seconds.
  path: Assets/Wwise/ScriptableObjects/State/BB66F1FB-AA58-48F0-A09C-004D3A135A1F.asset
  artifactKey: Guid(dc23526f06af8e54dbefef6784257351) Importer(2089858483,192608db42251d675da83286b1cce702)
Start importing Assets/Wwise/ScriptableObjects/State/BB66F1FB-AA58-48F0-A09C-004D3A135A1F.asset using Guid(dc23526f06af8e54dbefef6784257351) Importer(2089858483,192608db42251d675da83286b1cce702) (ScriptedImporter) -> (artifact id: 'c0c74214c69f42c1124a8c75a2751782') in 0.0197719 seconds
Number of updated asset objects reloaded before import = 0Number of asset objects unloaded after import = 2

========================================================================
Received Import Request.
  Time since last request: 0.000031 seconds.
  path: Assets/Wwise/ScriptableObjects/Switch/528B2408-0885-4719-8B32-2D3065E9F80E.asset
  artifactKey: Guid(3af7c35e0f9bbf1428f231c0d9661bb9) Importer(2089858483,192608db42251d675da83286b1cce702)
Start importing Assets/Wwise/ScriptableObjects/Switch/528B2408-0885-4719-8B32-2D3065E9F80E.asset using Guid(3af7c35e0f9bbf1428f231c0d9661bb9) Importer(2089858483,192608db42251d675da83286b1cce702) (ScriptedImporter) -> (artifact id: '0780265a2345dc9b0805185d30a1e9e2') in 0.0255629 seconds
Number of updated asset objects reloaded before import = 0Number of asset objects unloaded after import = 2

========================================================================
Received Import Request.
  Time since last request: 0.000023 seconds.
  path: Assets/Wwise/Timeline/Editor/AkRTPCTrackInspector.cs
  artifactKey: Guid(197dc831ba29e9f4c92a89f4aae15e86) Importer(2089858483,192608db42251d675da83286b1cce702)
Start importing Assets/Wwise/Timeline/Editor/AkRTPCTrackInspector.cs using Guid(197dc831ba29e9f4c92a89f4aae15e86) Importer(2089858483,192608db42251d675da83286b1cce702) (ScriptedImporter) -> (artifact id: '2b29533e5e6a1406498c3129b2459c65') in 0.0223295 seconds
Number of updated asset objects reloaded before import = 0Number of asset objects unloaded after import = 0

========================================================================
Received Import Request.
  Time since last request: 0.000026 seconds.
  path: Assets/Wwise/API/Editor/WwiseTypes/AcousticTextureDrawer.cs
  artifactKey: Guid(09a1739371d0d0644b9e11e6049c3ea7) Importer(2089858483,192608db42251d675da83286b1cce702)
Start importing Assets/Wwise/API/Editor/WwiseTypes/AcousticTextureDrawer.cs using Guid(09a1739371d0d0644b9e11e6049c3ea7) Importer(2089858483,192608db42251d675da83286b1cce702) (ScriptedImporter) -> (artifact id: 'bcb0b75de5746aa46817ebbcc6f62084') in 0.0190135 seconds
Number of updated asset objects reloaded before import = 0Number of asset objects unloaded after import = 0

========================================================================
Received Import Request.
  Time since last request: 0.000031 seconds.
  path: Assets/StarterAssets/FirstPersonController/Scenes/Playground/LightingData.asset
  artifactKey: Guid(2690b0834b22e2940b40018922228eb6) Importer(2089858483,192608db42251d675da83286b1cce702)
Start importing Assets/StarterAssets/FirstPersonController/Scenes/Playground/LightingData.asset using Guid(2690b0834b22e2940b40018922228eb6) Importer(2089858483,192608db42251d675da83286b1cce702) (ScriptedImporter) -> (artifact id: '37e55a4588a8a1cc2a9720fc7f3a0e86') in 0.0175919 seconds
Number of updated asset objects reloaded before import = 0Number of asset objects unloaded after import = 2

========================================================================
Received Import Request.
  Time since last request: 0.000040 seconds.
  path: Assets/StarterAssets/Environment/Art/Materials/GreyBlue_Mat.mat
  artifactKey: Guid(6b911390c5825014e8377183a7837d3f) Importer(2089858483,192608db42251d675da83286b1cce702)
Start importing Assets/StarterAssets/Environment/Art/Materials/GreyBlue_Mat.mat using Guid(6b911390c5825014e8377183a7837d3f) Importer(2089858483,192608db42251d675da83286b1cce702) (ScriptedImporter) -> (artifact id: '206c08b79ecb51a3bbb4b6e0a43b919d') in 0.0358602 seconds
Number of updated asset objects reloaded before import = 0Number of asset objects unloaded after import = 1

========================================================================
Received Import Request.
  Time since last request: 0.000022 seconds.
  path: Assets/Wwise/API/Editor/WwiseWindows/TreeViewIcons/gameparameter_nor.png
  artifactKey: Guid(372cacad5605b9242b3dc2f12339e4ca) Importer(2089858483,192608db42251d675da83286b1cce702)
Start importing Assets/Wwise/API/Editor/WwiseWindows/TreeViewIcons/gameparameter_nor.png using Guid(372cacad5605b9242b3dc2f12339e4ca) Importer(2089858483,192608db42251d675da83286b1cce702) (ScriptedImporter) -> (artifact id: 'e4219e32c85564c6a389f8a5176ac8b2') in 0.0278331 seconds
Number of updated asset objects reloaded before import = 0Number of asset objects unloaded after import = 1

========================================================================
Received Import Request.
  Time since last request: 0.000020 seconds.
  path: Assets/Wwise/MonoBehaviour/Editor/WwiseSetupWizard/AkWwiseSetupWizard.cs
  artifactKey: Guid(801cf2771147bcd4d8088f6683e48af9) Importer(2089858483,192608db42251d675da83286b1cce702)
Start importing Assets/Wwise/MonoBehaviour/Editor/WwiseSetupWizard/AkWwiseSetupWizard.cs using Guid(801cf2771147bcd4d8088f6683e48af9) Importer(2089858483,192608db42251d675da83286b1cce702) (ScriptedImporter) -> (artifact id: '58885b965a11a9eb211c4c2b928039a8') in 0.0177382 seconds
Number of updated asset objects reloaded before import = 0Number of asset objects unloaded after import = 0

========================================================================
Received Import Request.
  Time since last request: 0.000023 seconds.
  path: Assets/Wwise/API/Editor/WwiseWindows/TreeViewIcons/switch_nor.png
  artifactKey: Guid(2281644724f2f5541a9234446347d9bc) Importer(2089858483,192608db42251d675da83286b1cce702)
Start importing Assets/Wwise/API/Editor/WwiseWindows/TreeViewIcons/switch_nor.png using Guid(2281644724f2f5541a9234446347d9bc) Importer(2089858483,192608db42251d675da83286b1cce702) (ScriptedImporter) -> (artifact id: '7804e37b2ba6916bb26d635c0f8621fb') in 0.0255356 seconds
Number of updated asset objects reloaded before import = 0Number of asset objects unloaded after import = 1

========================================================================
Received Import Request.
  Time since last request: 0.000043 seconds.
  path: Assets/Wwise/Tools/AddressableUpdater/Editor/AK.Wwise.Unity.AddressableUpdater.asmdef
  artifactKey: Guid(e6cf99489d32cf943afe31ab6a6183c0) Importer(2089858483,192608db42251d675da83286b1cce702)
Start importing Assets/Wwise/Tools/AddressableUpdater/Editor/AK.Wwise.Unity.AddressableUpdater.asmdef using Guid(e6cf99489d32cf943afe31ab6a6183c0) Importer(2089858483,192608db42251d675da83286b1cce702) (ScriptedImporter) -> (artifact id: 'ea3fa9fa22cdd1e82e88a73bfbc2e1f9') in 0.0172195 seconds
Number of updated asset objects reloaded before import = 0Number of asset objects unloaded after import = 1

========================================================================
Received Import Request.
  Time since last request: 0.000025 seconds.
  path: Assets/Wwise/API/Editor/PluginActivator/Common/AkPluginInfo.cs
  artifactKey: Guid(2de6bfbf411d3e248af1da7c3bee287e) Importer(2089858483,192608db42251d675da83286b1cce702)
Start importing Assets/Wwise/API/Editor/PluginActivator/Common/AkPluginInfo.cs using Guid(2de6bfbf411d3e248af1da7c3bee287e) Importer(2089858483,192608db42251d675da83286b1cce702) (ScriptedImporter) -> (artifact id: '2fc4a76aca4b141975bfee5873e4d51a') in 0.0184804 seconds
Number of updated asset objects reloaded before import = 0Number of asset objects unloaded after import = 0

========================================================================
Received Import Request.
  Time since last request: 0.000027 seconds.
  path: Assets/StarterAssets/FirstPersonController/Scenes/Playground/ReflectionProbe-1.exr
  artifactKey: Guid(5515cbebf3ef1144ebf8d50ed9091e17) Importer(2089858483,192608db42251d675da83286b1cce702)
Start importing Assets/StarterAssets/FirstPersonController/Scenes/Playground/ReflectionProbe-1.exr using Guid(5515cbebf3ef1144ebf8d50ed9091e17) Importer(2089858483,192608db42251d675da83286b1cce702) (ScriptedImporter) -> (artifact id: '1443655a31c0f47fe4ca31b5b8fd4575') in 0.0291015 seconds
Number of updated asset objects reloaded before import = 0Number of asset objects unloaded after import = 1

========================================================================
Received Import Request.
  Time since last request: 0.000031 seconds.
  path: Assets/StarterAssets/Environment/Art/Textures/Grid_01_Emissive.png
  artifactKey: Guid(d4d6919451fe3e24388816386a6d15a4) Importer(2089858483,192608db42251d675da83286b1cce702)
Start importing Assets/StarterAssets/Environment/Art/Textures/Grid_01_Emissive.png using Guid(d4d6919451fe3e24388816386a6d15a4) Importer(2089858483,192608db42251d675da83286b1cce702) (ScriptedImporter) -> (artifact id: 'b54913a6e3eb8a3830ca00ddbd6935f1') in 0.0354542 seconds
Number of updated asset objects reloaded before import = 0Number of asset objects unloaded after import = 1

========================================================================
Received Import Request.
  Time since last request: 0.000048 seconds.
  path: Assets/StarterAssets/Environment/Art/Models/Stairs_200x100x200_Mesh.fbx
  artifactKey: Guid(fce3bf5a5b603db45ab0048fb6ab44df) Importer(2089858483,192608db42251d675da83286b1cce702)
Start importing Assets/StarterAssets/Environment/Art/Models/Stairs_200x100x200_Mesh.fbx using Guid(fce3bf5a5b603db45ab0048fb6ab44df) Importer(2089858483,192608db42251d675da83286b1cce702) (ScriptedImporter) -> (artifact id: 'd708f68f1dab70afc501135e2ef93cca') in 0.0569143 seconds
Number of updated asset objects reloaded before import = 0Number of asset objects unloaded after import = 15

Editor requested this worker to shutdown with reason: Scaling down because of idle timeout
AssetImportWorker is now disconnected from the server
Process exiting
Exiting without the bug reporter. Application will terminate with return code 0